This is pdfTeX, Version 3.141592653-2.6-1.40.24 (TeX Live 2022/nixos.org) (preloaded format=pdflatex 1980.1.1)  21 MAY 2024 21:27
entering extended mode
 restricted \write18 enabled.
 %&-line parsing enabled.
**master.tex
(./master.tex
LaTeX2e <2022-11-01> patch level 1
L3 programming layer <2023-02-22>
(/nix/store/pz4zk32hwjcnvcpcbpfj6sgznas444j5-texlive-combined-full-2022-final-t
exmfdist/tex/latex/base/book.cls
Document Class: book 2022/07/02 v1.4n Standard LaTeX document class

(/nix/store/pz4zk32hwjcnvcpcbpfj6sgznas444j5-texlive-combined-full-2022-final-t
exmfdist/tex/latex/base/bk11.clo
File: bk11.clo 2022/07/02 v1.4n Standard LaTeX file (size option)
)
\c@part=\count185
\c@chapter=\count186
\c@section=\count187
\c@subsection=\count188
\c@subsubsection=\count189
\c@paragraph=\count190
\c@subparagraph=\count191
\c@figure=\count192
\c@table=\count193
\abovecaptionskip=\skip48
\belowcaptionskip=\skip49
\bibindent=\dimen140
) (./aaumath.sty
Package: aaumath 2019/07/19 LaTeX preamble package for AAU Math
 (./incl/pre/pkgs.tex
(/nix/store/pz4zk32hwjcnvcpcbpfj6sgznas444j5-texlive-combined-full-2022-final-t
exmfdist/tex/latex/base/fontenc.sty
Package: fontenc 2021/04/29 v2.0v Standard LaTeX package
)
(/nix/store/pz4zk32hwjcnvcpcbpfj6sgznas444j5-texlive-combined-full-2022-final-t
exmfdist/tex/latex/base/inputenc.sty
Package: inputenc 2021/02/14 v1.3d Input encoding file
\inpenc@prehook=\toks16
\inpenc@posthook=\toks17
)
(/nix/store/pz4zk32hwjcnvcpcbpfj6sgznas444j5-texlive-combined-full-2022-final-t
exmfdist/tex/generic/babel/babel.sty
Package: babel 2023/02/13 3.86 The Babel package
\babel@savecnt=\count194
\U@D=\dimen141
\l@unhyphenated=\language87

(/nix/store/pz4zk32hwjcnvcpcbpfj6sgznas444j5-texlive-combined-full-2022-final-t
exmfdist/tex/generic/babel/txtbabel.def)
\bbl@readstream=\read2
\bbl@dirlevel=\count195

(/nix/store/pz4zk32hwjcnvcpcbpfj6sgznas444j5-texlive-combined-full-2022-final-t
exmfdist/tex/generic/babel-english/english.ldf
Language: english 2017/06/06 v3.3r English support from the babel system
Package babel Info: Hyphen rules for 'canadian' set to \l@english
(babel)             (\language0). Reported on input line 102.
Package babel Info: Hyphen rules for 'australian' set to \l@ukenglish
(babel)             (\language21). Reported on input line 105.
Package babel Info: Hyphen rules for 'newzealand' set to \l@ukenglish
(babel)             (\language21). Reported on input line 108.
))
(/nix/store/pz4zk32hwjcnvcpcbpfj6sgznas444j5-texlive-combined-full-2022-final-t
exmfdist/tex/generic/babel/locale/en/babel-english.tex
Package babel Info: Importing font and identification data for english
(babel)             from babel-en.ini. Reported on input line 11.
)
(/nix/store/pz4zk32hwjcnvcpcbpfj6sgznas444j5-texlive-combined-full-2022-final-t
exmfdist/tex/latex/natbib/natbib.sty
Package: natbib 2010/09/13 8.31b (PWD, AO)
\bibhang=\skip50
\bibsep=\skip51
LaTeX Info: Redefining \cite on input line 694.
\c@NAT@ctr=\count196
)
(/nix/store/pz4zk32hwjcnvcpcbpfj6sgznas444j5-texlive-combined-full-2022-final-t
exmfdist/tex/latex/hyperref/hyperref.sty
Package: hyperref 2023-02-07 v7.00v Hypertext links for LaTeX

(/nix/store/pz4zk32hwjcnvcpcbpfj6sgznas444j5-texlive-combined-full-2022-final-t
exmfdist/tex/generic/ltxcmds/ltxcmds.sty
Package: ltxcmds 2020-05-10 v1.25 LaTeX kernel commands for general use (HO)
)
(/nix/store/pz4zk32hwjcnvcpcbpfj6sgznas444j5-texlive-combined-full-2022-final-t
exmfdist/tex/generic/iftex/iftex.sty
Package: iftex 2022/02/03 v1.0f TeX engine tests
)
(/nix/store/pz4zk32hwjcnvcpcbpfj6sgznas444j5-texlive-combined-full-2022-final-t
exmfdist/tex/generic/pdftexcmds/pdftexcmds.sty
Package: pdftexcmds 2020-06-27 v0.33 Utility functions of pdfTeX for LuaTeX (HO
)

(/nix/store/pz4zk32hwjcnvcpcbpfj6sgznas444j5-texlive-combined-full-2022-final-t
exmfdist/tex/generic/infwarerr/infwarerr.sty
Package: infwarerr 2019/12/03 v1.5 Providing info/warning/error messages (HO)
)
Package pdftexcmds Info: \pdf@primitive is available.
Package pdftexcmds Info: \pdf@ifprimitive is available.
Package pdftexcmds Info: \pdfdraftmode found.
)
(/nix/store/pz4zk32hwjcnvcpcbpfj6sgznas444j5-texlive-combined-full-2022-final-t
exmfdist/tex/latex/graphics/keyval.sty
Package: keyval 2022/05/29 v1.15 key=value parser (DPC)
\KV@toks@=\toks18
)
(/nix/store/pz4zk32hwjcnvcpcbpfj6sgznas444j5-texlive-combined-full-2022-final-t
exmfdist/tex/latex/kvsetkeys/kvsetkeys.sty
Package: kvsetkeys 2022-10-05 v1.19 Key value parser (HO)
)
(/nix/store/pz4zk32hwjcnvcpcbpfj6sgznas444j5-texlive-combined-full-2022-final-t
exmfdist/tex/generic/kvdefinekeys/kvdefinekeys.sty
Package: kvdefinekeys 2019-12-19 v1.6 Define keys (HO)
)
(/nix/store/pz4zk32hwjcnvcpcbpfj6sgznas444j5-texlive-combined-full-2022-final-t
exmfdist/tex/generic/pdfescape/pdfescape.sty
Package: pdfescape 2019/12/09 v1.15 Implements pdfTeX's escape features (HO)
)
(/nix/store/pz4zk32hwjcnvcpcbpfj6sgznas444j5-texlive-combined-full-2022-final-t
exmfdist/tex/latex/hycolor/hycolor.sty
Package: hycolor 2020-01-27 v1.10 Color options for hyperref/bookmark (HO)
)
(/nix/store/pz4zk32hwjcnvcpcbpfj6sgznas444j5-texlive-combined-full-2022-final-t
exmfdist/tex/latex/letltxmacro/letltxmacro.sty
Package: letltxmacro 2019/12/03 v1.6 Let assignment for LaTeX macros (HO)
)
(/nix/store/pz4zk32hwjcnvcpcbpfj6sgznas444j5-texlive-combined-full-2022-final-t
exmfdist/tex/latex/auxhook/auxhook.sty
Package: auxhook 2019-12-17 v1.6 Hooks for auxiliary files (HO)
)
(/nix/store/pz4zk32hwjcnvcpcbpfj6sgznas444j5-texlive-combined-full-2022-final-t
exmfdist/tex/latex/hyperref/nameref.sty
Package: nameref 2022-05-17 v2.50 Cross-referencing by name of section

(/nix/store/pz4zk32hwjcnvcpcbpfj6sgznas444j5-texlive-combined-full-2022-final-t
exmfdist/tex/latex/refcount/refcount.sty
Package: refcount 2019/12/15 v3.6 Data extraction from label references (HO)
)
(/nix/store/pz4zk32hwjcnvcpcbpfj6sgznas444j5-texlive-combined-full-2022-final-t
exmfdist/tex/generic/gettitlestring/gettitlestring.sty
Package: gettitlestring 2019/12/15 v1.6 Cleanup title references (HO)

(/nix/store/pz4zk32hwjcnvcpcbpfj6sgznas444j5-texlive-combined-full-2022-final-t
exmfdist/tex/latex/kvoptions/kvoptions.sty
Package: kvoptions 2022-06-15 v3.15 Key value format for package options (HO)
))
\c@section@level=\count197
)
\@linkdim=\dimen142
\Hy@linkcounter=\count198
\Hy@pagecounter=\count199

(/nix/store/pz4zk32hwjcnvcpcbpfj6sgznas444j5-texlive-combined-full-2022-final-t
exmfdist/tex/latex/hyperref/pd1enc.def
File: pd1enc.def 2023-02-07 v7.00v Hyperref: PDFDocEncoding definition (HO)
Now handling font encoding PD1 ...
... no UTF-8 mapping file for font encoding PD1
)
(/nix/store/pz4zk32hwjcnvcpcbpfj6sgznas444j5-texlive-combined-full-2022-final-t
exmfdist/tex/generic/intcalc/intcalc.sty
Package: intcalc 2019/12/15 v1.3 Expandable calculations with integers (HO)
)
(/nix/store/pz4zk32hwjcnvcpcbpfj6sgznas444j5-texlive-combined-full-2022-final-t
exmfdist/tex/generic/etexcmds/etexcmds.sty
Package: etexcmds 2019/12/15 v1.7 Avoid name clashes with e-TeX commands (HO)
)
\Hy@SavedSpaceFactor=\count266

(/nix/store/pz4zk32hwjcnvcpcbpfj6sgznas444j5-texlive-combined-full-2022-final-t
exmfdist/tex/latex/hyperref/puenc.def
File: puenc.def 2023-02-07 v7.00v Hyperref: PDF Unicode definition (HO)
Now handling font encoding PU ...
... no UTF-8 mapping file for font encoding PU
)
Package hyperref Info: Hyper figures OFF on input line 4177.
Package hyperref Info: Link nesting OFF on input line 4182.
Package hyperref Info: Hyper index ON on input line 4185.
Package hyperref Info: Plain pages OFF on input line 4192.
Package hyperref Info: Backreferencing OFF on input line 4197.
Package hyperref Info: Implicit mode ON; LaTeX internals redefined.
Package hyperref Info: Bookmarks ON on input line 4425.
\c@Hy@tempcnt=\count267

(/nix/store/pz4zk32hwjcnvcpcbpfj6sgznas444j5-texlive-combined-full-2022-final-t
exmfdist/tex/latex/url/url.sty
\Urlmuskip=\muskip16
Package: url 2013/09/16  ver 3.4  Verb mode for urls, etc.
)
LaTeX Info: Redefining \url on input line 4763.
\XeTeXLinkMargin=\dimen143

(/nix/store/pz4zk32hwjcnvcpcbpfj6sgznas444j5-texlive-combined-full-2022-final-t
exmfdist/tex/generic/bitset/bitset.sty
Package: bitset 2019/12/09 v1.3 Handle bit-vector datatype (HO)

(/nix/store/pz4zk32hwjcnvcpcbpfj6sgznas444j5-texlive-combined-full-2022-final-t
exmfdist/tex/generic/bigintcalc/bigintcalc.sty
Package: bigintcalc 2019/12/15 v1.5 Expandable calculations on big integers (HO
)
))
\Fld@menulength=\count268
\Field@Width=\dimen144
\Fld@charsize=\dimen145
Package hyperref Info: Hyper figures OFF on input line 6042.
Package hyperref Info: Link nesting OFF on input line 6047.
Package hyperref Info: Hyper index ON on input line 6050.
Package hyperref Info: backreferencing OFF on input line 6057.
Package hyperref Info: Link coloring OFF on input line 6062.
Package hyperref Info: Link coloring with OCG OFF on input line 6067.
Package hyperref Info: PDF/A mode OFF on input line 6072.

(/nix/store/pz4zk32hwjcnvcpcbpfj6sgznas444j5-texlive-combined-full-2022-final-t
exmfdist/tex/latex/base/atbegshi-ltx.sty
Package: atbegshi-ltx 2021/01/10 v1.0c Emulation of the original atbegshi
package with kernel methods
)
\Hy@abspage=\count269
\c@Item=\count270
\c@Hfootnote=\count271
)
Package hyperref Info: Driver (autodetected): hpdftex.

(/nix/store/pz4zk32hwjcnvcpcbpfj6sgznas444j5-texlive-combined-full-2022-final-t
exmfdist/tex/latex/hyperref/hpdftex.def
File: hpdftex.def 2023-02-07 v7.00v Hyperref driver for pdfTeX

(/nix/store/pz4zk32hwjcnvcpcbpfj6sgznas444j5-texlive-combined-full-2022-final-t
exmfdist/tex/latex/base/atveryend-ltx.sty
Package: atveryend-ltx 2020/08/19 v1.0a Emulation of the original atveryend pac
kage
with kernel methods
)
\Fld@listcount=\count272
\c@bookmark@seq@number=\count273

(/nix/store/pz4zk32hwjcnvcpcbpfj6sgznas444j5-texlive-combined-full-2022-final-t
exmfdist/tex/latex/rerunfilecheck/rerunfilecheck.sty
Package: rerunfilecheck 2022-07-10 v1.10 Rerun checks for auxiliary files (HO)

(/nix/store/pz4zk32hwjcnvcpcbpfj6sgznas444j5-texlive-combined-full-2022-final-t
exmfdist/tex/generic/uniquecounter/uniquecounter.sty
Package: uniquecounter 2019/12/15 v1.4 Provide unlimited unique counter (HO)
)
Package uniquecounter Info: New unique counter `rerunfilecheck' on input line 2
85.
)
\Hy@SectionHShift=\skip52
)
(/nix/store/pz4zk32hwjcnvcpcbpfj6sgznas444j5-texlive-combined-full-2022-final-t
exmfdist/tex/latex/amsmath/amsmath.sty
Package: amsmath 2022/04/08 v2.17n AMS math features
\@mathmargin=\skip53

For additional information on amsmath, use the `?' option.

(/nix/store/pz4zk32hwjcnvcpcbpfj6sgznas444j5-texlive-combined-full-2022-final-t
exmfdist/tex/latex/amsmath/amstext.sty
Package: amstext 2021/08/26 v2.01 AMS text

(/nix/store/pz4zk32hwjcnvcpcbpfj6sgznas444j5-texlive-combined-full-2022-final-t
exmfdist/tex/latex/amsmath/amsgen.sty
File: amsgen.sty 1999/11/30 v2.0 generic functions
\@emptytoks=\toks19
\ex@=\dimen146
))
(/nix/store/pz4zk32hwjcnvcpcbpfj6sgznas444j5-texlive-combined-full-2022-final-t
exmfdist/tex/latex/amsmath/amsbsy.sty
Package: amsbsy 1999/11/29 v1.2d Bold Symbols
\pmbraise@=\dimen147
)
(/nix/store/pz4zk32hwjcnvcpcbpfj6sgznas444j5-texlive-combined-full-2022-final-t
exmfdist/tex/latex/amsmath/amsopn.sty
Package: amsopn 2022/04/08 v2.04 operator names
)
\inf@bad=\count274
LaTeX Info: Redefining \frac on input line 234.
\uproot@=\count275
\leftroot@=\count276
LaTeX Info: Redefining \overline on input line 399.
LaTeX Info: Redefining \colon on input line 410.
\classnum@=\count277
\DOTSCASE@=\count278
LaTeX Info: Redefining \ldots on input line 496.
LaTeX Info: Redefining \dots on input line 499.
LaTeX Info: Redefining \cdots on input line 620.
\Mathstrutbox@=\box51
\strutbox@=\box52
LaTeX Info: Redefining \big on input line 722.
LaTeX Info: Redefining \Big on input line 723.
LaTeX Info: Redefining \bigg on input line 724.
LaTeX Info: Redefining \Bigg on input line 725.
\big@size=\dimen148
LaTeX Font Info:    Redeclaring font encoding OML on input line 743.
LaTeX Font Info:    Redeclaring font encoding OMS on input line 744.
\macc@depth=\count279
LaTeX Info: Redefining \bmod on input line 905.
LaTeX Info: Redefining \pmod on input line 910.
LaTeX Info: Redefining \smash on input line 940.
LaTeX Info: Redefining \relbar on input line 970.
LaTeX Info: Redefining \Relbar on input line 971.
\c@MaxMatrixCols=\count280
\dotsspace@=\muskip17
\c@parentequation=\count281
\dspbrk@lvl=\count282
\tag@help=\toks20
\row@=\count283
\column@=\count284
\maxfields@=\count285
\andhelp@=\toks21
\eqnshift@=\dimen149
\alignsep@=\dimen150
\tagshift@=\dimen151
\tagwidth@=\dimen152
\totwidth@=\dimen153
\lineht@=\dimen154
\@envbody=\toks22
\multlinegap=\skip54
\multlinetaggap=\skip55
\mathdisplay@stack=\toks23
LaTeX Info: Redefining \[ on input line 2953.
LaTeX Info: Redefining \] on input line 2954.
)
(/nix/store/pz4zk32hwjcnvcpcbpfj6sgznas444j5-texlive-combined-full-2022-final-t
exmfdist/tex/latex/cleveref/cleveref.sty
Package: cleveref 2018/03/27 v0.21.4 Intelligent cross-referencing
Package cleveref Info: `hyperref' support loaded on input line 2370.
LaTeX Info: Redefining \cref on input line 2370.
LaTeX Info: Redefining \Cref on input line 2370.
LaTeX Info: Redefining \crefrange on input line 2370.
LaTeX Info: Redefining \Crefrange on input line 2370.
LaTeX Info: Redefining \cpageref on input line 2370.
LaTeX Info: Redefining \Cpageref on input line 2370.
LaTeX Info: Redefining \cpagerefrange on input line 2370.
LaTeX Info: Redefining \Cpagerefrange on input line 2370.
LaTeX Info: Redefining \labelcref on input line 2370.
LaTeX Info: Redefining \labelcpageref on input line 2370.
)
(/nix/store/pz4zk32hwjcnvcpcbpfj6sgznas444j5-texlive-combined-full-2022-final-t
exmfdist/tex/latex/xpatch/xpatch.sty
(/nix/store/pz4zk32hwjcnvcpcbpfj6sgznas444j5-texlive-combined-full-2022-final-t
exmfdist/tex/latex/l3kernel/expl3.sty
Package: expl3 2023-02-22 L3 programming layer (loader) 

(/nix/store/pz4zk32hwjcnvcpcbpfj6sgznas444j5-texlive-combined-full-2022-final-t
exmfdist/tex/latex/l3backend/l3backend-pdftex.def
File: l3backend-pdftex.def 2023-01-16 L3 backend support: PDF output (pdfTeX)
\l__color_backend_stack_int=\count286
\l__pdf_internal_box=\box53
))
Package: xpatch 2020/03/25 v0.3a Extending etoolbox patching commands

(/nix/store/pz4zk32hwjcnvcpcbpfj6sgznas444j5-texlive-combined-full-2022-final-t
exmfdist/tex/latex/l3packages/xparse/xparse.sty
Package: xparse 2023-02-02 L3 Experimental document command parser
)
(/nix/store/pz4zk32hwjcnvcpcbpfj6sgznas444j5-texlive-combined-full-2022-final-t
exmfdist/tex/latex/etoolbox/etoolbox.sty
Package: etoolbox 2020/10/05 v2.5k e-TeX tools for LaTeX (JAW)
\etb@tempcnta=\count287
))
(/nix/store/pz4zk32hwjcnvcpcbpfj6sgznas444j5-texlive-combined-full-2022-final-t
exmfdist/tex/latex/mathtools/mathtools.sty
Package: mathtools 2022/06/29 v1.29 mathematical typesetting tools

(/nix/store/pz4zk32hwjcnvcpcbpfj6sgznas444j5-texlive-combined-full-2022-final-t
exmfdist/tex/latex/tools/calc.sty
Package: calc 2017/05/25 v4.3 Infix arithmetic (KKT,FJ)
\calc@Acount=\count288
\calc@Bcount=\count289
\calc@Adimen=\dimen155
\calc@Bdimen=\dimen156
\calc@Askip=\skip56
\calc@Bskip=\skip57
LaTeX Info: Redefining \setlength on input line 80.
LaTeX Info: Redefining \addtolength on input line 81.
\calc@Ccount=\count290
\calc@Cskip=\skip58
)
(/nix/store/pz4zk32hwjcnvcpcbpfj6sgznas444j5-texlive-combined-full-2022-final-t
exmfdist/tex/latex/mathtools/mhsetup.sty
Package: mhsetup 2021/03/18 v1.4 programming setup (MH)
)
\g_MT_multlinerow_int=\count291
\l_MT_multwidth_dim=\dimen157
\origjot=\skip59
\l_MT_shortvdotswithinadjustabove_dim=\dimen158
\l_MT_shortvdotswithinadjustbelow_dim=\dimen159
\l_MT_above_intertext_sep=\dimen160
\l_MT_below_intertext_sep=\dimen161
\l_MT_above_shortintertext_sep=\dimen162
\l_MT_below_shortintertext_sep=\dimen163
\xmathstrut@box=\box54
\xmathstrut@dim=\dimen164
)
(/nix/store/pz4zk32hwjcnvcpcbpfj6sgznas444j5-texlive-combined-full-2022-final-t
exmfdist/tex/latex/amsfonts/amssymb.sty
Package: amssymb 2013/01/14 v3.01 AMS font symbols

(/nix/store/pz4zk32hwjcnvcpcbpfj6sgznas444j5-texlive-combined-full-2022-final-t
exmfdist/tex/latex/amsfonts/amsfonts.sty
Package: amsfonts 2013/01/14 v3.01 Basic AMSFonts support
\symAMSa=\mathgroup4
\symAMSb=\mathgroup5
LaTeX Font Info:    Redeclaring math symbol \hbar on input line 98.
LaTeX Font Info:    Overwriting math alphabet `\mathfrak' in version `bold'
(Font)                  U/euf/m/n --> U/euf/b/n on input line 106.
))
(/nix/store/pz4zk32hwjcnvcpcbpfj6sgznas444j5-texlive-combined-full-2022-final-t
exmfdist/tex/latex/amscls/amsthm.sty
Package: amsthm 2020/05/29 v2.20.6
\thm@style=\toks24
\thm@bodyfont=\toks25
\thm@headfont=\toks26
\thm@notefont=\toks27
\thm@headpunct=\toks28
\thm@preskip=\skip60
\thm@postskip=\skip61
\thm@headsep=\skip62
\dth@everypar=\toks29
)
(/nix/store/pz4zk32hwjcnvcpcbpfj6sgznas444j5-texlive-combined-full-2022-final-t
exmfdist/tex/latex/bbm-macros/bbm.sty
Package: bbm 1999/03/15 V 1.2 provides fonts for set symbols - TH
LaTeX Font Info:    Overwriting math alphabet `\mathbbm' in version `bold'
(Font)                  U/bbm/m/n --> U/bbm/bx/n on input line 33.
LaTeX Font Info:    Overwriting math alphabet `\mathbbmss' in version `bold'
(Font)                  U/bbmss/m/n --> U/bbmss/bx/n on input line 35.
)
(/nix/store/pz4zk32hwjcnvcpcbpfj6sgznas444j5-texlive-combined-full-2022-final-t
exmfdist/tex/latex/tools/bm.sty
Package: bm 2022/01/05 v1.2f Bold Symbol Support (DPC/FMi)
\symboldoperators=\mathgroup6
\symboldletters=\mathgroup7
\symboldsymbols=\mathgroup8
Package bm Info: No bold for \OMX/cmex/m/n, using \pmb.
Package bm Info: No bold for \U/msa/m/n, using \pmb.
Package bm Info: No bold for \U/msb/m/n, using \pmb.
LaTeX Font Info:    Redeclaring math alphabet \mathbf on input line 149.
)
(/nix/store/pz4zk32hwjcnvcpcbpfj6sgznas444j5-texlive-combined-full-2022-final-t
exmfdist/tex/latex/xcolor/xcolor.sty
Package: xcolor 2022/06/12 v2.14 LaTeX color extensions (UK)

(/nix/store/pz4zk32hwjcnvcpcbpfj6sgznas444j5-texlive-combined-full-2022-final-t
exmfdist/tex/latex/graphics-cfg/color.cfg
File: color.cfg 2016/01/02 v1.6 sample color configuration
)
Package xcolor Info: Driver file: pdftex.def on input line 227.

(/nix/store/pz4zk32hwjcnvcpcbpfj6sgznas444j5-texlive-combined-full-2022-final-t
exmfdist/tex/latex/graphics-def/pdftex.def
File: pdftex.def 2022/09/22 v1.2b Graphics/color driver for pdftex
)
(/nix/store/pz4zk32hwjcnvcpcbpfj6sgznas444j5-texlive-combined-full-2022-final-t
exmfdist/tex/latex/graphics/mathcolor.ltx)
Package xcolor Info: Model `cmy' substituted by `cmy0' on input line 1353.
Package xcolor Info: Model `hsb' substituted by `rgb' on input line 1357.
Package xcolor Info: Model `RGB' extended on input line 1369.
Package xcolor Info: Model `HTML' substituted by `rgb' on input line 1371.
Package xcolor Info: Model `Hsb' substituted by `hsb' on input line 1372.
Package xcolor Info: Model `tHsb' substituted by `hsb' on input line 1373.
Package xcolor Info: Model `HSB' substituted by `hsb' on input line 1374.
Package xcolor Info: Model `Gray' substituted by `gray' on input line 1375.
Package xcolor Info: Model `wave' substituted by `hsb' on input line 1376.

(/nix/store/pz4zk32hwjcnvcpcbpfj6sgznas444j5-texlive-combined-full-2022-final-t
exmfdist/tex/latex/graphics/dvipsnam.def
File: dvipsnam.def 2016/06/17 v3.0m Driver-dependent file (DPC,SPQR)
))
(/nix/store/pz4zk32hwjcnvcpcbpfj6sgznas444j5-texlive-combined-full-2022-final-t
exmfdist/tex/latex/graphics/graphicx.sty
Package: graphicx 2021/09/16 v1.2d Enhanced LaTeX Graphics (DPC,SPQR)

(/nix/store/pz4zk32hwjcnvcpcbpfj6sgznas444j5-texlive-combined-full-2022-final-t
exmfdist/tex/latex/graphics/graphics.sty
Package: graphics 2022/03/10 v1.4e Standard LaTeX Graphics (DPC,SPQR)

(/nix/store/pz4zk32hwjcnvcpcbpfj6sgznas444j5-texlive-combined-full-2022-final-t
exmfdist/tex/latex/graphics/trig.sty
Package: trig 2021/08/11 v1.11 sin cos tan (DPC)
)
(/nix/store/pz4zk32hwjcnvcpcbpfj6sgznas444j5-texlive-combined-full-2022-final-t
exmfdist/tex/latex/graphics-cfg/graphics.cfg
File: graphics.cfg 2016/06/04 v1.11 sample graphics configuration
)
Package graphics Info: Driver file: pdftex.def on input line 107.
)
\Gin@req@height=\dimen165
\Gin@req@width=\dimen166
)
(/nix/store/pz4zk32hwjcnvcpcbpfj6sgznas444j5-texlive-combined-full-2022-final-t
exmfdist/tex/latex/pagecolor/pagecolor.sty
Package: pagecolor 2023-02-14 v1.2b Provides thepagecolor (HMM)

(/nix/store/pz4zk32hwjcnvcpcbpfj6sgznas444j5-texlive-combined-full-2022-final-t
exmfdist/tex/latex/hardwrap/hardwrap.sty
Package: hardwrap 2011/02/12 v0.2 Hard wrap messages

(/nix/store/pz4zk32hwjcnvcpcbpfj6sgznas444j5-texlive-combined-full-2022-final-t
exmfdist/tex/latex/ifplatform/ifplatform.sty
Package: ifplatform 2017/10/13 v0.4a Testing for the operating system

(/nix/store/pz4zk32hwjcnvcpcbpfj6sgznas444j5-texlive-combined-full-2022-final-t
exmfdist/tex/latex/tools/shellesc.sty
Package: shellesc 2019/11/08 v1.0c unified shell escape interface for LaTeX
Package shellesc Info: Restricted shell escape enabled on input line 77.
)
(/nix/store/pz4zk32hwjcnvcpcbpfj6sgznas444j5-texlive-combined-full-2022-final-t
exmfdist/tex/generic/catchfile/catchfile.sty
Package: catchfile 2019/12/09 v1.8 Catch the contents of a file (HO)
)
(/nix/store/pz4zk32hwjcnvcpcbpfj6sgznas444j5-texlive-combined-full-2022-final-t
exmfdist/tex/generic/iftex/ifluatex.sty
Package: ifluatex 2019/10/25 v1.5 ifluatex legacy package. Use iftex instead.
)

Package ifplatform Warning: 
    shell escape is disabled, so I can only detect \ifwindows.

)
(/nix/store/pz4zk32hwjcnvcpcbpfj6sgznas444j5-texlive-combined-full-2022-final-t
exmfdist/tex/generic/iftex/ifxetex.sty
Package: ifxetex 2019/10/25 v0.7 ifxetex legacy package. Use iftex instead.
)
\hw@charcount=\count292
\hw@wordcount=\count293
\hw@maxprintline=\count294
 (|kpsewhich -var-value=max_print_line)))
(/nix/store/pz4zk32hwjcnvcpcbpfj6sgznas444j5-texlive-combined-full-2022-final-t
exmfdist/tex/latex/booktabs/booktabs.sty
Package: booktabs 2020/01/12 v1.61803398 Publication quality tables
\heavyrulewidth=\dimen167
\lightrulewidth=\dimen168
\cmidrulewidth=\dimen169
\belowrulesep=\dimen170
\belowbottomsep=\dimen171
\aboverulesep=\dimen172
\abovetopsep=\dimen173
\cmidrulesep=\dimen174
\cmidrulekern=\dimen175
\defaultaddspace=\dimen176
\@cmidla=\count295
\@cmidlb=\count296
\@aboverulesep=\dimen177
\@belowrulesep=\dimen178
\@thisruleclass=\count297
\@lastruleclass=\count298
\@thisrulewidth=\dimen179
)
(/nix/store/pz4zk32hwjcnvcpcbpfj6sgznas444j5-texlive-combined-full-2022-final-t
exmfdist/tex/latex/caption/caption.sty
Package: caption 2022/03/01 v3.6b Customizing captions (AR)

(/nix/store/pz4zk32hwjcnvcpcbpfj6sgznas444j5-texlive-combined-full-2022-final-t
exmfdist/tex/latex/caption/caption3.sty
Package: caption3 2022/03/17 v2.3b caption3 kernel (AR)
\caption@tempdima=\dimen180
\captionmargin=\dimen181
\caption@leftmargin=\dimen182
\caption@rightmargin=\dimen183
\caption@width=\dimen184
\caption@indent=\dimen185
\caption@parindent=\dimen186
\caption@hangindent=\dimen187
Package caption Info: Standard document class detected.
)
\c@caption@flags=\count299
\c@continuedfloat=\count300
Package caption Info: hyperref package is loaded.
)
(/nix/store/pz4zk32hwjcnvcpcbpfj6sgznas444j5-texlive-combined-full-2022-final-t
exmfdist/tex/latex/caption/subcaption.sty
Package: subcaption 2022/01/07 v1.5 Sub-captions (AR)
\c@subfigure=\count301
\c@subtable=\count302
)
(/nix/store/pz4zk32hwjcnvcpcbpfj6sgznas444j5-texlive-combined-full-2022-final-t
exmfdist/tex/latex/pgf/frontendlayer/tikz.sty
(/nix/store/pz4zk32hwjcnvcpcbpfj6sgznas444j5-texlive-combined-full-2022-final-t
exmfdist/tex/latex/pgf/basiclayer/pgf.sty
(/nix/store/pz4zk32hwjcnvcpcbpfj6sgznas444j5-texlive-combined-full-2022-final-t
exmfdist/tex/latex/pgf/utilities/pgfrcs.sty
(/nix/store/pz4zk32hwjcnvcpcbpfj6sgznas444j5-texlive-combined-full-2022-final-t
exmfdist/tex/generic/pgf/utilities/pgfutil-common.tex
\pgfutil@everybye=\toks30
\pgfutil@tempdima=\dimen188
\pgfutil@tempdimb=\dimen189
)
(/nix/store/pz4zk32hwjcnvcpcbpfj6sgznas444j5-texlive-combined-full-2022-final-t
exmfdist/tex/generic/pgf/utilities/pgfutil-latex.def
\pgfutil@abb=\box55
)
(/nix/store/pz4zk32hwjcnvcpcbpfj6sgznas444j5-texlive-combined-full-2022-final-t
exmfdist/tex/generic/pgf/utilities/pgfrcs.code.tex
(/nix/store/pz4zk32hwjcnvcpcbpfj6sgznas444j5-texlive-combined-full-2022-final-t
exmfdist/tex/generic/pgf/pgf.revision.tex)
Package: pgfrcs 2023-01-15 v3.1.10 (3.1.10)
))
Package: pgf 2023-01-15 v3.1.10 (3.1.10)

(/nix/store/pz4zk32hwjcnvcpcbpfj6sgznas444j5-texlive-combined-full-2022-final-t
exmfdist/tex/latex/pgf/basiclayer/pgfcore.sty
(/nix/store/pz4zk32hwjcnvcpcbpfj6sgznas444j5-texlive-combined-full-2022-final-t
exmfdist/tex/latex/pgf/systemlayer/pgfsys.sty
(/nix/store/pz4zk32hwjcnvcpcbpfj6sgznas444j5-texlive-combined-full-2022-final-t
exmfdist/tex/generic/pgf/systemlayer/pgfsys.code.tex
Package: pgfsys 2023-01-15 v3.1.10 (3.1.10)

(/nix/store/pz4zk32hwjcnvcpcbpfj6sgznas444j5-texlive-combined-full-2022-final-t
exmfdist/tex/generic/pgf/utilities/pgfkeys.code.tex
\pgfkeys@pathtoks=\toks31
\pgfkeys@temptoks=\toks32

(/nix/store/pz4zk32hwjcnvcpcbpfj6sgznas444j5-texlive-combined-full-2022-final-t
exmfdist/tex/generic/pgf/utilities/pgfkeyslibraryfiltered.code.tex
\pgfkeys@tmptoks=\toks33
))
\pgf@x=\dimen190
\pgf@y=\dimen191
\pgf@xa=\dimen192
\pgf@ya=\dimen193
\pgf@xb=\dimen194
\pgf@yb=\dimen195
\pgf@xc=\dimen196
\pgf@yc=\dimen197
\pgf@xd=\dimen198
\pgf@yd=\dimen199
\w@pgf@writea=\write3
\r@pgf@reada=\read3
\c@pgf@counta=\count303
\c@pgf@countb=\count304
\c@pgf@countc=\count305
\c@pgf@countd=\count306
\t@pgf@toka=\toks34
\t@pgf@tokb=\toks35
\t@pgf@tokc=\toks36
\pgf@sys@id@count=\count307

(/nix/store/pz4zk32hwjcnvcpcbpfj6sgznas444j5-texlive-combined-full-2022-final-t
exmfdist/tex/generic/pgf/systemlayer/pgf.cfg
File: pgf.cfg 2023-01-15 v3.1.10 (3.1.10)
)
Driver file for pgf: pgfsys-pdftex.def

(/nix/store/pz4zk32hwjcnvcpcbpfj6sgznas444j5-texlive-combined-full-2022-final-t
exmfdist/tex/generic/pgf/systemlayer/pgfsys-pdftex.def
File: pgfsys-pdftex.def 2023-01-15 v3.1.10 (3.1.10)

(/nix/store/pz4zk32hwjcnvcpcbpfj6sgznas444j5-texlive-combined-full-2022-final-t
exmfdist/tex/generic/pgf/systemlayer/pgfsys-common-pdf.def
File: pgfsys-common-pdf.def 2023-01-15 v3.1.10 (3.1.10)
)))
(/nix/store/pz4zk32hwjcnvcpcbpfj6sgznas444j5-texlive-combined-full-2022-final-t
exmfdist/tex/generic/pgf/systemlayer/pgfsyssoftpath.code.tex
File: pgfsyssoftpath.code.tex 2023-01-15 v3.1.10 (3.1.10)
\pgfsyssoftpath@smallbuffer@items=\count308
\pgfsyssoftpath@bigbuffer@items=\count309
)
(/nix/store/pz4zk32hwjcnvcpcbpfj6sgznas444j5-texlive-combined-full-2022-final-t
exmfdist/tex/generic/pgf/systemlayer/pgfsysprotocol.code.tex
File: pgfsysprotocol.code.tex 2023-01-15 v3.1.10 (3.1.10)
))
(/nix/store/pz4zk32hwjcnvcpcbpfj6sgznas444j5-texlive-combined-full-2022-final-t
exmfdist/tex/generic/pgf/basiclayer/pgfcore.code.tex
Package: pgfcore 2023-01-15 v3.1.10 (3.1.10)

(/nix/store/pz4zk32hwjcnvcpcbpfj6sgznas444j5-texlive-combined-full-2022-final-t
exmfdist/tex/generic/pgf/math/pgfmath.code.tex
(/nix/store/pz4zk32hwjcnvcpcbpfj6sgznas444j5-texlive-combined-full-2022-final-t
exmfdist/tex/generic/pgf/math/pgfmathutil.code.tex)
(/nix/store/pz4zk32hwjcnvcpcbpfj6sgznas444j5-texlive-combined-full-2022-final-t
exmfdist/tex/generic/pgf/math/pgfmathparser.code.tex
\pgfmath@dimen=\dimen256
\pgfmath@count=\count310
\pgfmath@box=\box56
\pgfmath@toks=\toks37
\pgfmath@stack@operand=\toks38
\pgfmath@stack@operation=\toks39
)
(/nix/store/pz4zk32hwjcnvcpcbpfj6sgznas444j5-texlive-combined-full-2022-final-t
exmfdist/tex/generic/pgf/math/pgfmathfunctions.code.tex)
(/nix/store/pz4zk32hwjcnvcpcbpfj6sgznas444j5-texlive-combined-full-2022-final-t
exmfdist/tex/generic/pgf/math/pgfmathfunctions.basic.code.tex)
(/nix/store/pz4zk32hwjcnvcpcbpfj6sgznas444j5-texlive-combined-full-2022-final-t
exmfdist/tex/generic/pgf/math/pgfmathfunctions.trigonometric.code.tex)
(/nix/store/pz4zk32hwjcnvcpcbpfj6sgznas444j5-texlive-combined-full-2022-final-t
exmfdist/tex/generic/pgf/math/pgfmathfunctions.random.code.tex)
(/nix/store/pz4zk32hwjcnvcpcbpfj6sgznas444j5-texlive-combined-full-2022-final-t
exmfdist/tex/generic/pgf/math/pgfmathfunctions.comparison.code.tex)
(/nix/store/pz4zk32hwjcnvcpcbpfj6sgznas444j5-texlive-combined-full-2022-final-t
exmfdist/tex/generic/pgf/math/pgfmathfunctions.base.code.tex)
(/nix/store/pz4zk32hwjcnvcpcbpfj6sgznas444j5-texlive-combined-full-2022-final-t
exmfdist/tex/generic/pgf/math/pgfmathfunctions.round.code.tex)
(/nix/store/pz4zk32hwjcnvcpcbpfj6sgznas444j5-texlive-combined-full-2022-final-t
exmfdist/tex/generic/pgf/math/pgfmathfunctions.misc.code.tex)
(/nix/store/pz4zk32hwjcnvcpcbpfj6sgznas444j5-texlive-combined-full-2022-final-t
exmfdist/tex/generic/pgf/math/pgfmathfunctions.integerarithmetics.code.tex)
(/nix/store/pz4zk32hwjcnvcpcbpfj6sgznas444j5-texlive-combined-full-2022-final-t
exmfdist/tex/generic/pgf/math/pgfmathcalc.code.tex)
(/nix/store/pz4zk32hwjcnvcpcbpfj6sgznas444j5-texlive-combined-full-2022-final-t
exmfdist/tex/generic/pgf/math/pgfmathfloat.code.tex
\c@pgfmathroundto@lastzeros=\count311
))
(/nix/store/pz4zk32hwjcnvcpcbpfj6sgznas444j5-texlive-combined-full-2022-final-t
exmfdist/tex/generic/pgf/math/pgfint.code.tex)
(/nix/store/pz4zk32hwjcnvcpcbpfj6sgznas444j5-texlive-combined-full-2022-final-t
exmfdist/tex/generic/pgf/basiclayer/pgfcorepoints.code.tex
File: pgfcorepoints.code.tex 2023-01-15 v3.1.10 (3.1.10)
\pgf@picminx=\dimen257
\pgf@picmaxx=\dimen258
\pgf@picminy=\dimen259
\pgf@picmaxy=\dimen260
\pgf@pathminx=\dimen261
\pgf@pathmaxx=\dimen262
\pgf@pathminy=\dimen263
\pgf@pathmaxy=\dimen264
\pgf@xx=\dimen265
\pgf@xy=\dimen266
\pgf@yx=\dimen267
\pgf@yy=\dimen268
\pgf@zx=\dimen269
\pgf@zy=\dimen270
)
(/nix/store/pz4zk32hwjcnvcpcbpfj6sgznas444j5-texlive-combined-full-2022-final-t
exmfdist/tex/generic/pgf/basiclayer/pgfcorepathconstruct.code.tex
File: pgfcorepathconstruct.code.tex 2023-01-15 v3.1.10 (3.1.10)
\pgf@path@lastx=\dimen271
\pgf@path@lasty=\dimen272
)
(/nix/store/pz4zk32hwjcnvcpcbpfj6sgznas444j5-texlive-combined-full-2022-final-t
exmfdist/tex/generic/pgf/basiclayer/pgfcorepathusage.code.tex
File: pgfcorepathusage.code.tex 2023-01-15 v3.1.10 (3.1.10)
\pgf@shorten@end@additional=\dimen273
\pgf@shorten@start@additional=\dimen274
)
(/nix/store/pz4zk32hwjcnvcpcbpfj6sgznas444j5-texlive-combined-full-2022-final-t
exmfdist/tex/generic/pgf/basiclayer/pgfcorescopes.code.tex
File: pgfcorescopes.code.tex 2023-01-15 v3.1.10 (3.1.10)
\pgfpic=\box57
\pgf@hbox=\box58
\pgf@layerbox@main=\box59
\pgf@picture@serial@count=\count312
)
(/nix/store/pz4zk32hwjcnvcpcbpfj6sgznas444j5-texlive-combined-full-2022-final-t
exmfdist/tex/generic/pgf/basiclayer/pgfcoregraphicstate.code.tex
File: pgfcoregraphicstate.code.tex 2023-01-15 v3.1.10 (3.1.10)
\pgflinewidth=\dimen275
)
(/nix/store/pz4zk32hwjcnvcpcbpfj6sgznas444j5-texlive-combined-full-2022-final-t
exmfdist/tex/generic/pgf/basiclayer/pgfcoretransformations.code.tex
File: pgfcoretransformations.code.tex 2023-01-15 v3.1.10 (3.1.10)
\pgf@pt@x=\dimen276
\pgf@pt@y=\dimen277
\pgf@pt@temp=\dimen278
)
(/nix/store/pz4zk32hwjcnvcpcbpfj6sgznas444j5-texlive-combined-full-2022-final-t
exmfdist/tex/generic/pgf/basiclayer/pgfcorequick.code.tex
File: pgfcorequick.code.tex 2023-01-15 v3.1.10 (3.1.10)
)
(/nix/store/pz4zk32hwjcnvcpcbpfj6sgznas444j5-texlive-combined-full-2022-final-t
exmfdist/tex/generic/pgf/basiclayer/pgfcoreobjects.code.tex
File: pgfcoreobjects.code.tex 2023-01-15 v3.1.10 (3.1.10)
)
(/nix/store/pz4zk32hwjcnvcpcbpfj6sgznas444j5-texlive-combined-full-2022-final-t
exmfdist/tex/generic/pgf/basiclayer/pgfcorepathprocessing.code.tex
File: pgfcorepathprocessing.code.tex 2023-01-15 v3.1.10 (3.1.10)
)
(/nix/store/pz4zk32hwjcnvcpcbpfj6sgznas444j5-texlive-combined-full-2022-final-t
exmfdist/tex/generic/pgf/basiclayer/pgfcorearrows.code.tex
File: pgfcorearrows.code.tex 2023-01-15 v3.1.10 (3.1.10)
\pgfarrowsep=\dimen279
)
(/nix/store/pz4zk32hwjcnvcpcbpfj6sgznas444j5-texlive-combined-full-2022-final-t
exmfdist/tex/generic/pgf/basiclayer/pgfcoreshade.code.tex
File: pgfcoreshade.code.tex 2023-01-15 v3.1.10 (3.1.10)
\pgf@max=\dimen280
\pgf@sys@shading@range@num=\count313
\pgf@shadingcount=\count314
)
(/nix/store/pz4zk32hwjcnvcpcbpfj6sgznas444j5-texlive-combined-full-2022-final-t
exmfdist/tex/generic/pgf/basiclayer/pgfcoreimage.code.tex
File: pgfcoreimage.code.tex 2023-01-15 v3.1.10 (3.1.10)
)
(/nix/store/pz4zk32hwjcnvcpcbpfj6sgznas444j5-texlive-combined-full-2022-final-t
exmfdist/tex/generic/pgf/basiclayer/pgfcoreexternal.code.tex
File: pgfcoreexternal.code.tex 2023-01-15 v3.1.10 (3.1.10)
\pgfexternal@startupbox=\box60
)
(/nix/store/pz4zk32hwjcnvcpcbpfj6sgznas444j5-texlive-combined-full-2022-final-t
exmfdist/tex/generic/pgf/basiclayer/pgfcorelayers.code.tex
File: pgfcorelayers.code.tex 2023-01-15 v3.1.10 (3.1.10)
)
(/nix/store/pz4zk32hwjcnvcpcbpfj6sgznas444j5-texlive-combined-full-2022-final-t
exmfdist/tex/generic/pgf/basiclayer/pgfcoretransparency.code.tex
File: pgfcoretransparency.code.tex 2023-01-15 v3.1.10 (3.1.10)
)
(/nix/store/pz4zk32hwjcnvcpcbpfj6sgznas444j5-texlive-combined-full-2022-final-t
exmfdist/tex/generic/pgf/basiclayer/pgfcorepatterns.code.tex
File: pgfcorepatterns.code.tex 2023-01-15 v3.1.10 (3.1.10)
)
(/nix/store/pz4zk32hwjcnvcpcbpfj6sgznas444j5-texlive-combined-full-2022-final-t
exmfdist/tex/generic/pgf/basiclayer/pgfcorerdf.code.tex
File: pgfcorerdf.code.tex 2023-01-15 v3.1.10 (3.1.10)
)))
(/nix/store/pz4zk32hwjcnvcpcbpfj6sgznas444j5-texlive-combined-full-2022-final-t
exmfdist/tex/generic/pgf/modules/pgfmoduleshapes.code.tex
File: pgfmoduleshapes.code.tex 2023-01-15 v3.1.10 (3.1.10)
\pgfnodeparttextbox=\box61
)
(/nix/store/pz4zk32hwjcnvcpcbpfj6sgznas444j5-texlive-combined-full-2022-final-t
exmfdist/tex/generic/pgf/modules/pgfmoduleplot.code.tex
File: pgfmoduleplot.code.tex 2023-01-15 v3.1.10 (3.1.10)
)
(/nix/store/pz4zk32hwjcnvcpcbpfj6sgznas444j5-texlive-combined-full-2022-final-t
exmfdist/tex/latex/pgf/compatibility/pgfcomp-version-0-65.sty
Package: pgfcomp-version-0-65 2023-01-15 v3.1.10 (3.1.10)
\pgf@nodesepstart=\dimen281
\pgf@nodesepend=\dimen282
)
(/nix/store/pz4zk32hwjcnvcpcbpfj6sgznas444j5-texlive-combined-full-2022-final-t
exmfdist/tex/latex/pgf/compatibility/pgfcomp-version-1-18.sty
Package: pgfcomp-version-1-18 2023-01-15 v3.1.10 (3.1.10)
))
(/nix/store/pz4zk32hwjcnvcpcbpfj6sgznas444j5-texlive-combined-full-2022-final-t
exmfdist/tex/latex/pgf/utilities/pgffor.sty
(/nix/store/pz4zk32hwjcnvcpcbpfj6sgznas444j5-texlive-combined-full-2022-final-t
exmfdist/tex/latex/pgf/utilities/pgfkeys.sty
(/nix/store/pz4zk32hwjcnvcpcbpfj6sgznas444j5-texlive-combined-full-2022-final-t
exmfdist/tex/generic/pgf/utilities/pgfkeys.code.tex))
(/nix/store/pz4zk32hwjcnvcpcbpfj6sgznas444j5-texlive-combined-full-2022-final-t
exmfdist/tex/latex/pgf/math/pgfmath.sty
(/nix/store/pz4zk32hwjcnvcpcbpfj6sgznas444j5-texlive-combined-full-2022-final-t
exmfdist/tex/generic/pgf/math/pgfmath.code.tex))
(/nix/store/pz4zk32hwjcnvcpcbpfj6sgznas444j5-texlive-combined-full-2022-final-t
exmfdist/tex/generic/pgf/utilities/pgffor.code.tex
Package: pgffor 2023-01-15 v3.1.10 (3.1.10)
\pgffor@iter=\dimen283
\pgffor@skip=\dimen284
\pgffor@stack=\toks40
\pgffor@toks=\toks41
))
(/nix/store/pz4zk32hwjcnvcpcbpfj6sgznas444j5-texlive-combined-full-2022-final-t
exmfdist/tex/generic/pgf/frontendlayer/tikz/tikz.code.tex
Package: tikz 2023-01-15 v3.1.10 (3.1.10)

(/nix/store/pz4zk32hwjcnvcpcbpfj6sgznas444j5-texlive-combined-full-2022-final-t
exmfdist/tex/generic/pgf/libraries/pgflibraryplothandlers.code.tex
File: pgflibraryplothandlers.code.tex 2023-01-15 v3.1.10 (3.1.10)
\pgf@plot@mark@count=\count315
\pgfplotmarksize=\dimen285
)
\tikz@lastx=\dimen286
\tikz@lasty=\dimen287
\tikz@lastxsaved=\dimen288
\tikz@lastysaved=\dimen289
\tikz@lastmovetox=\dimen290
\tikz@lastmovetoy=\dimen291
\tikzleveldistance=\dimen292
\tikzsiblingdistance=\dimen293
\tikz@figbox=\box62
\tikz@figbox@bg=\box63
\tikz@tempbox=\box64
\tikz@tempbox@bg=\box65
\tikztreelevel=\count316
\tikznumberofchildren=\count317
\tikznumberofcurrentchild=\count318
\tikz@fig@count=\count319

(/nix/store/pz4zk32hwjcnvcpcbpfj6sgznas444j5-texlive-combined-full-2022-final-t
exmfdist/tex/generic/pgf/modules/pgfmodulematrix.code.tex
File: pgfmodulematrix.code.tex 2023-01-15 v3.1.10 (3.1.10)
\pgfmatrixcurrentrow=\count320
\pgfmatrixcurrentcolumn=\count321
\pgf@matrix@numberofcolumns=\count322
)
\tikz@expandcount=\count323

(/nix/store/pz4zk32hwjcnvcpcbpfj6sgznas444j5-texlive-combined-full-2022-final-t
exmfdist/tex/generic/pgf/frontendlayer/tikz/libraries/tikzlibrarytopaths.code.t
ex
File: tikzlibrarytopaths.code.tex 2023-01-15 v3.1.10 (3.1.10)
)))
(/nix/store/pz4zk32hwjcnvcpcbpfj6sgznas444j5-texlive-combined-full-2022-final-t
exmfdist/tex/latex/algorithms/algorithm.sty
Package: algorithm 2009/08/24 v0.1 Document Style `algorithm' - floating enviro
nment

(/nix/store/pz4zk32hwjcnvcpcbpfj6sgznas444j5-texlive-combined-full-2022-final-t
exmfdist/tex/latex/float/float.sty
Package: float 2001/11/08 v1.3d Float enhancements (AL)
\c@float@type=\count324
\float@exts=\toks42
\float@box=\box66
\@float@everytoks=\toks43
\@floatcapt=\box67
)
(/nix/store/pz4zk32hwjcnvcpcbpfj6sgznas444j5-texlive-combined-full-2022-final-t
exmfdist/tex/latex/base/ifthen.sty
Package: ifthen 2022/04/13 v1.1d Standard LaTeX ifthen package (DPC)
)
\@float@every@algorithm=\toks44
\c@algorithm=\count325
)
(/nix/store/pz4zk32hwjcnvcpcbpfj6sgznas444j5-texlive-combined-full-2022-final-t
exmfdist/tex/latex/algorithmicx/algpseudocode.sty
Package: algpseudocode 

(/nix/store/pz4zk32hwjcnvcpcbpfj6sgznas444j5-texlive-combined-full-2022-final-t
exmfdist/tex/latex/algorithmicx/algorithmicx.sty
Package: algorithmicx 2005/04/27 v1.2 Algorithmicx

Document Style algorithmicx 1.2 - a greatly improved `algorithmic' style
\c@ALG@line=\count326
\c@ALG@rem=\count327
\c@ALG@nested=\count328
\ALG@tlm=\skip63
\ALG@thistlm=\skip64
\c@ALG@Lnr=\count329
\c@ALG@blocknr=\count330
\c@ALG@storecount=\count331
\c@ALG@tmpcounter=\count332
\ALG@tmplength=\skip65
)
Document Style - pseudocode environments for use with the `algorithmicx' style
)
(/nix/store/pz4zk32hwjcnvcpcbpfj6sgznas444j5-texlive-combined-full-2022-final-t
exmfdist/tex/latex/listings/listings.sty
\lst@mode=\count333
\lst@gtempboxa=\box68
\lst@token=\toks45
\lst@length=\count334
\lst@currlwidth=\dimen294
\lst@column=\count335
\lst@pos=\count336
\lst@lostspace=\dimen295
\lst@width=\dimen296
\lst@newlines=\count337
\lst@lineno=\count338
\lst@maxwidth=\dimen297

(/nix/store/pz4zk32hwjcnvcpcbpfj6sgznas444j5-texlive-combined-full-2022-final-t
exmfdist/tex/latex/listings/lstmisc.sty
File: lstmisc.sty 2023/02/27 1.9 (Carsten Heinz)
\c@lstnumber=\count339
\lst@skipnumbers=\count340
\lst@framebox=\box69
)
(/nix/store/pz4zk32hwjcnvcpcbpfj6sgznas444j5-texlive-combined-full-2022-final-t
exmfdist/tex/latex/listings/listings.cfg
File: listings.cfg 2023/02/27 1.9 listings configuration
))
Package: listings 2023/02/27 1.9 (Carsten Heinz)

(/nix/store/pz4zk32hwjcnvcpcbpfj6sgznas444j5-texlive-combined-full-2022-final-t
exmfdist/tex/latex/microtype/microtype.sty
Package: microtype 2023/03/13 v3.1a Micro-typographical refinements (RS)
\MT@toks=\toks46
\MT@tempbox=\box70
\MT@count=\count341
LaTeX Info: Redefining \noprotrusionifhmode on input line 1059.
LaTeX Info: Redefining \leftprotrusion on input line 1060.
\MT@prot@toks=\toks47
LaTeX Info: Redefining \rightprotrusion on input line 1078.
LaTeX Info: Redefining \textls on input line 1368.
\MT@outer@kern=\dimen298
LaTeX Info: Redefining \textmicrotypecontext on input line 1988.
\MT@listname@count=\count342

(/nix/store/pz4zk32hwjcnvcpcbpfj6sgznas444j5-texlive-combined-full-2022-final-t
exmfdist/tex/latex/microtype/microtype-pdftex.def
File: microtype-pdftex.def 2023/03/13 v3.1a Definitions specific to pdftex (RS)

LaTeX Info: Redefining \lsstyle on input line 902.
LaTeX Info: Redefining \lslig on input line 902.
\MT@outer@space=\skip66
)
Package microtype Info: Loading configuration file microtype.cfg.

(/nix/store/pz4zk32hwjcnvcpcbpfj6sgznas444j5-texlive-combined-full-2022-final-t
exmfdist/tex/latex/microtype/microtype.cfg
File: microtype.cfg 2023/03/13 v3.1a microtype main configuration file (RS)
))
(/nix/store/pz4zk32hwjcnvcpcbpfj6sgznas444j5-texlive-combined-full-2022-final-t
exmfdist/tex/latex/emptypage/emptypage.sty
Package: emptypage 2010/05/30 v1.2 Suppress page numbers and headings on empty 
pages
)
(/nix/store/pz4zk32hwjcnvcpcbpfj6sgznas444j5-texlive-combined-full-2022-final-t
exmfdist/tex/latex/fancyhdr/fancyhdr.sty
Package: fancyhdr 2022/11/09 v4.1 Extensive control of page headers and footers

\f@nch@headwidth=\skip67
\f@nch@O@elh=\skip68
\f@nch@O@erh=\skip69
\f@nch@O@olh=\skip70
\f@nch@O@orh=\skip71
\f@nch@O@elf=\skip72
\f@nch@O@erf=\skip73
\f@nch@O@olf=\skip74
\f@nch@O@orf=\skip75
)
(/nix/store/pz4zk32hwjcnvcpcbpfj6sgznas444j5-texlive-combined-full-2022-final-t
exmfdist/tex/latex/titlesec/titlesec.sty
Package: titlesec 2021/07/05 v2.14 Sectioning titles
\ttl@box=\box71
\beforetitleunit=\skip76
\aftertitleunit=\skip77
\ttl@plus=\dimen299
\ttl@minus=\dimen300
\ttl@toksa=\toks48
\titlewidth=\dimen301
\titlewidthlast=\dimen302
\titlewidthfirst=\dimen303
)
(/nix/store/pz4zk32hwjcnvcpcbpfj6sgznas444j5-texlive-combined-full-2022-final-t
exmfdist/tex/latex/geometry/geometry.sty
Package: geometry 2020/01/02 v5.9 Page Geometry

(/nix/store/pz4zk32hwjcnvcpcbpfj6sgznas444j5-texlive-combined-full-2022-final-t
exmfdist/tex/generic/iftex/ifvtex.sty
Package: ifvtex 2019/10/25 v1.7 ifvtex legacy package. Use iftex instead.
)
\Gm@cnth=\count343
\Gm@cntv=\count344
\c@Gm@tempcnt=\count345
\Gm@bindingoffset=\dimen304
\Gm@wd@mp=\dimen305
\Gm@odd@mp=\dimen306
\Gm@even@mp=\dimen307
\Gm@layoutwidth=\dimen308
\Gm@layoutheight=\dimen309
\Gm@layouthoffset=\dimen310
\Gm@layoutvoffset=\dimen311
\Gm@dimlist=\toks49
)
(/nix/store/pz4zk32hwjcnvcpcbpfj6sgznas444j5-texlive-combined-full-2022-final-t
exmfdist/tex/latex/appendix/appendix.sty
Package: appendix 2020/02/08 v1.2c extra appendix facilities
\c@@pps=\count346
\c@@ppsavesec=\count347
\c@@ppsaveapp=\count348
)
(/nix/store/pz4zk32hwjcnvcpcbpfj6sgznas444j5-texlive-combined-full-2022-final-t
exmfdist/tex/latex/background/background.sty
Package: background 2014/03/04 v2.1 background material

(/nix/store/pz4zk32hwjcnvcpcbpfj6sgznas444j5-texlive-combined-full-2022-final-t
exmfdist/tex/latex/xkeyval/xkeyval.sty
Package: xkeyval 2022/06/16 v2.9 package option processing (HA)

(/nix/store/pz4zk32hwjcnvcpcbpfj6sgznas444j5-texlive-combined-full-2022-final-t
exmfdist/tex/generic/xkeyval/xkeyval.tex
(/nix/store/pz4zk32hwjcnvcpcbpfj6sgznas444j5-texlive-combined-full-2022-final-t
exmfdist/tex/generic/xkeyval/xkvutils.tex
\XKV@toks=\toks50
\XKV@tempa@toks=\toks51
)
\XKV@depth=\count349
File: xkeyval.tex 2014/12/03 v2.7a key=value parser (HA)
))
(/nix/store/pz4zk32hwjcnvcpcbpfj6sgznas444j5-texlive-combined-full-2022-final-t
exmfdist/tex/latex/everypage/everypage.sty
Package: everypage 2020/10/17 R2.0b Hooks to run on every page


Package everypage Warning: Functionality similar to this package has recently
(everypage)                been implemented in LaTeX. This package is now in
(everypage)                legacy status.
(everypage)                Please, don't use it in new documents and packages.


Package everypage Warning: You appear to be running a version of LaTeX
(everypage)                providing the new functionality.
(everypage)                Doing the best to deliver the original `everypage`
(everypage)                interface on top of it. Strict equivalence is
(everypage)                not possible, breakage may occur.
(everypage)                If truly needed, Use `everypage-1x` to force the
(everypage)                loading of an older code base.

)
(/nix/store/pz4zk32hwjcnvcpcbpfj6sgznas444j5-texlive-combined-full-2022-final-t
exmfdist/tex/latex/tools/afterpage.sty
Package: afterpage 2014/10/28 v1.08 After-Page Package (DPC)
\AP@output=\toks52
\AP@partial=\box72
\AP@footins=\box73
))
(/nix/store/pz4zk32hwjcnvcpcbpfj6sgznas444j5-texlive-combined-full-2022-final-t
exmfdist/tex/latex/tools/enumerate.sty
Package: enumerate 2015/07/23 v3.00 enumerate extensions (DPC)
\@enLab=\toks53
)
(/nix/store/pz4zk32hwjcnvcpcbpfj6sgznas444j5-texlive-combined-full-2022-final-t
exmfdist/tex/latex/enumitem/enumitem.sty
Package: enumitem 2019/06/20 v3.9 Customized lists
\labelindent=\skip78
\enit@outerparindent=\dimen312
\enit@toks=\toks54
\enit@inbox=\box74
\enit@count@id=\count350
\enitdp@description=\count351
)
(/nix/store/pz4zk32hwjcnvcpcbpfj6sgznas444j5-texlive-combined-full-2022-final-t
exmfdist/tex/latex/multirow/multirow.sty
Package: multirow 2021/03/15 v2.8 Span multiple rows of a table
\multirow@colwidth=\skip79
\multirow@cntb=\count352
\multirow@dima=\skip80
\bigstrutjot=\dimen313
)
(/nix/store/pz4zk32hwjcnvcpcbpfj6sgznas444j5-texlive-combined-full-2022-final-t
exmfdist/tex/latex/dejavu/DejaVuSansMono.sty
Package: DejaVuSansMono 2011/06/01 Style file for DejaVuSansMono.
)
(/nix/store/pz4zk32hwjcnvcpcbpfj6sgznas444j5-texlive-combined-full-2022-final-t
exmfdist/tex/generic/ulem/ulem.sty
\UL@box=\box75
\UL@hyphenbox=\box76
\UL@skip=\skip81
\UL@hook=\toks55
\UL@height=\dimen314
\UL@pe=\count353
\UL@pixel=\dimen315
\ULC@box=\box77
Package: ulem 2019/11/18
\ULdepth=\dimen316
) (./incl/pre/ext/aautitlepage.sty

LaTeX Warning: You have requested package `incl/pre/ext/aautitlepage',
               but the package provides `aautitlepage'.

Package: aautitlepage 

(/nix/store/pz4zk32hwjcnvcpcbpfj6sgznas444j5-texlive-combined-full-2022-final-t
exmfdist/tex/latex/lastpage/lastpage.sty
Package: lastpage 2023/03/07 v2.0a lastpage: 2.09 or 2e? (HMM)

(/nix/store/pz4zk32hwjcnvcpcbpfj6sgznas444j5-texlive-combined-full-2022-final-t
exmfdist/tex/latex/lastpage/lastpage2e.sty
Package: lastpage2e 2023/03/07 v2.0a Decide which 2e lastpage version to use (H
MM)

(/nix/store/pz4zk32hwjcnvcpcbpfj6sgznas444j5-texlive-combined-full-2022-final-t
exmfdist/tex/latex/lastpage/lastpagemodern.sty
Package: lastpagemodern 2023-03-07 v2.0a Refers to last page's name (HMM; JPG)
) 
)))
(/nix/store/pz4zk32hwjcnvcpcbpfj6sgznas444j5-texlive-combined-full-2022-final-t
exmfdist/tex/latex/makecell/makecell.sty
Package: makecell 2009/08/03 V0.1e Managing of Tab Column Heads and Cells

(/nix/store/pz4zk32hwjcnvcpcbpfj6sgznas444j5-texlive-combined-full-2022-final-t
exmfdist/tex/latex/tools/array.sty
Package: array 2022/09/04 v2.5g Tabular extension package (FMi)
\col@sep=\dimen317
\ar@mcellbox=\box78
\extrarowheight=\dimen318
\NC@list=\toks56
\extratabsurround=\skip82
\backup@length=\skip83
\ar@cellbox=\box79
)
\rotheadsize=\dimen319
\c@nlinenum=\count354
\TeXr@lab=\toks57
))
(/nix/store/pz4zk32hwjcnvcpcbpfj6sgznas444j5-texlive-combined-full-2022-final-t
exmfdist/tex/latex/koma-script/tocbasic.sty
Package: tocbasic 2022/10/12 v3.38 KOMA-Script package (handling toc-files)

(/nix/store/pz4zk32hwjcnvcpcbpfj6sgznas444j5-texlive-combined-full-2022-final-t
exmfdist/tex/latex/koma-script/scrbase.sty
Package: scrbase 2022/10/12 v3.38 KOMA-Script package (KOMA-Script-independent 
basics and keyval usage)

(/nix/store/pz4zk32hwjcnvcpcbpfj6sgznas444j5-texlive-combined-full-2022-final-t
exmfdist/tex/latex/koma-script/scrlfile.sty
Package: scrlfile 2022/10/12 v3.38 KOMA-Script package (file load hooks)

(/nix/store/pz4zk32hwjcnvcpcbpfj6sgznas444j5-texlive-combined-full-2022-final-t
exmfdist/tex/latex/koma-script/scrlfile-hook.sty
Package: scrlfile-hook 2022/10/12 v3.38 KOMA-Script package (using LaTeX hooks)


(/nix/store/pz4zk32hwjcnvcpcbpfj6sgznas444j5-texlive-combined-full-2022-final-t
exmfdist/tex/latex/koma-script/scrlogo.sty
Package: scrlogo 2022/10/12 v3.38 KOMA-Script package (logo)
)))
Applying: [2021/05/01] Usage of raw or classic option list on input line 252.
Already applied: [0000/00/00] Usage of raw or classic option list on input line
 368.
)
\scr@dte@tocline@numberwidth=\skip84
\scr@dte@tocline@numbox=\box80
) (./incl/pre/cmds.tex
(/nix/store/pz4zk32hwjcnvcpcbpfj6sgznas444j5-texlive-combined-full-2022-final-t
exmfdist/tex/latex/changepage/changepage.sty
Package: changepage 2009/10/20 v1.0c check page and change page layout
\c@cp@cntr=\count355
\cp@tempcnt=\count356
)
(/nix/store/pz4zk32hwjcnvcpcbpfj6sgznas444j5-texlive-combined-full-2022-final-t
exmfdist/tex/latex/framed/framed.sty
Package: framed 2011/10/22 v 0.96: framed or shaded text with page breaks
\OuterFrameSep=\skip85
\fb@frw=\dimen320
\fb@frh=\dimen321
\FrameRule=\dimen322
\FrameSep=\dimen323
)) (./incl/pre/conf.tex
(/nix/store/pz4zk32hwjcnvcpcbpfj6sgznas444j5-texlive-combined-full-2022-final-t
exmfdist/tex/generic/pgf/libraries/pgflibraryarrows.meta.code.tex
File: pgflibraryarrows.meta.code.tex 2023-01-15 v3.1.10 (3.1.10)
\pgfarrowinset=\dimen324
\pgfarrowlength=\dimen325
\pgfarrowwidth=\dimen326
\pgfarrowlinewidth=\dimen327
)
(/nix/store/pz4zk32hwjcnvcpcbpfj6sgznas444j5-texlive-combined-full-2022-final-t
exmfdist/tex/generic/pgf/frontendlayer/tikz/libraries/tikzlibrarycalc.code.tex
File: tikzlibrarycalc.code.tex 2023-01-15 v3.1.10 (3.1.10)
)
(/nix/store/pz4zk32hwjcnvcpcbpfj6sgznas444j5-texlive-combined-full-2022-final-t
exmfdist/tex/latex/listings/lstlang1.sty
File: lstlang1.sty 2023/02/27 1.9 listings language file
)
(/nix/store/pz4zk32hwjcnvcpcbpfj6sgznas444j5-texlive-combined-full-2022-final-t
exmfdist/tex/latex/listings/lstlang2.sty
File: lstlang2.sty 2023/02/27 1.9 listings language file
))) (./master.aux
(./incl/misc/frontpage.aux) (./incl/misc/titlepage.aux)
(./incl/misc/preface.aux) (./incl/misc/contents.aux) (./incl/misc/notation.aux)
(./main/introduction.aux) (./main/ramsey/index.aux)
(./main/partition_regularity/index.aux) (./app/code_ramsey.aux)
(./app/code_schur.aux

LaTeX Warning: Label `code:small' multiply defined.


LaTeX Warning: Label `code:small@cref' multiply defined.

))
\openout1 = `master.aux'.

LaTeX Font Info:    Checking defaults for OML/cmm/m/it on input line 35.
LaTeX Font Info:    ... okay on input line 35.
LaTeX Font Info:    Checking defaults for OMS/cmsy/m/n on input line 35.
LaTeX Font Info:    ... okay on input line 35.
LaTeX Font Info:    Checking defaults for OT1/cmr/m/n on input line 35.
LaTeX Font Info:    ... okay on input line 35.
LaTeX Font Info:    Checking defaults for T1/cmr/m/n on input line 35.
LaTeX Font Info:    ... okay on input line 35.
LaTeX Font Info:    Checking defaults for TS1/cmr/m/n on input line 35.
LaTeX Font Info:    ... okay on input line 35.
LaTeX Font Info:    Checking defaults for OMX/cmex/m/n on input line 35.
LaTeX Font Info:    ... okay on input line 35.
LaTeX Font Info:    Checking defaults for U/cmr/m/n on input line 35.
LaTeX Font Info:    ... okay on input line 35.
LaTeX Font Info:    Checking defaults for PD1/pdf/m/n on input line 35.
LaTeX Font Info:    ... okay on input line 35.
LaTeX Font Info:    Checking defaults for PU/pdf/m/n on input line 35.
LaTeX Font Info:    ... okay on input line 35.
Package hyperref Info: Link coloring OFF on input line 35.
 (./master.out) (./master.out)
\@outlinefile=\write4
\openout4 = `master.out'.


(/nix/store/pz4zk32hwjcnvcpcbpfj6sgznas444j5-texlive-combined-full-2022-final-t
exmfdist/tex/context/base/mkii/supp-pdf.mkii
[Loading MPS to PDF converter (version 2006.09.02).]
\scratchcounter=\count357
\scratchdimen=\dimen328
\scratchbox=\box81
\nofMPsegments=\count358
\nofMParguments=\count359
\everyMPshowfont=\toks58
\MPscratchCnt=\count360
\MPscratchDim=\dimen329
\MPnumerator=\count361
\makeMPintoPDFobject=\count362
\everyMPtoPDFconversion=\toks59
)
(/nix/store/pz4zk32hwjcnvcpcbpfj6sgznas444j5-texlive-combined-full-2022-final-t
exmfdist/tex/latex/epstopdf-pkg/epstopdf-base.sty
Package: epstopdf-base 2020-01-24 v2.11 Base part for package epstopdf
Package epstopdf-base Info: Redefining graphics rule for `.eps' on input line 4
85.

(/nix/store/pz4zk32hwjcnvcpcbpfj6sgznas444j5-texlive-combined-full-2022-final-t
exmfdist/tex/latex/latexconfig/epstopdf-sys.cfg
File: epstopdf-sys.cfg 2010/07/13 v1.3 Configuration of (r)epstopdf for TeX Liv
e
))
Package caption Info: Begin \AtBeginDocument code.
Package caption Info: changepage package is loaded.
\caption@adjustwidth@hsize=\dimen330
\caption@adjustwidth@linewidth=\dimen331
Package caption Info: float package is loaded.
Package caption Info: listings package is loaded.
Package caption Info: End \AtBeginDocument code.
\c@lstlisting=\count363
LaTeX Info: Redefining \microtypecontext on input line 35.
Package microtype Info: Applying patch `item' on input line 35.
Package microtype Info: Applying patch `toc' on input line 35.
Package microtype Info: Applying patch `eqnum' on input line 35.
Package microtype Info: Applying patch `footnote' on input line 35.
Package microtype Info: Applying patch `verbatim' on input line 35.
Package microtype Info: Generating PDF output.
Package microtype Info: Character protrusion enabled (level 2).
Package microtype Info: Using default protrusion set `alltext'.
Package microtype Info: Automatic font expansion enabled (level 2),
(microtype)             stretch: 20, shrink: 20, step: 1, non-selected.
Package microtype Info: Using default expansion set `alltext-nott'.
LaTeX Info: Redefining \showhyphens on input line 35.
Package microtype Info: No adjustment of tracking.
Package microtype Info: No adjustment of interword spacing.
Package microtype Info: No adjustment of character kerning.

(/nix/store/pz4zk32hwjcnvcpcbpfj6sgznas444j5-texlive-combined-full-2022-final-t
exmfdist/tex/latex/microtype/mt-cmr.cfg
File: mt-cmr.cfg 2013/05/19 v2.2 microtype config. file: Computer Modern Roman 
(RS)
)
*geometry* driver: auto-detecting
*geometry* detected driver: pdftex
*geometry* verbose mode - [ preamble ] result:
* driver: pdftex
* paper: a4paper
* layout: <same size as paper>
* layoutoffset:(h,v)=(0.0pt,0.0pt)
* modes: 
* h-part:(L,W,R)=(85.35826pt, 426.79135pt, 85.35826pt)
* v-part:(T,H,B)=(85.35826pt, 674.33032pt, 85.35826pt)
* \paperwidth=597.50787pt
* \paperheight=845.04684pt
* \textwidth=426.79135pt
* \textheight=674.33032pt
* \oddsidemargin=13.08827pt
* \evensidemargin=13.08827pt
* \topmargin=-18.78552pt
* \headheight=12.0pt
* \headsep=19.8738pt
* \topskip=11.0pt
* \footskip=27.46295pt
* \marginparwidth=53.0pt
* \marginparsep=7.0pt
* \columnsep=10.0pt
* \skip\footins=10.0pt plus 4.0pt minus 2.0pt
* \hoffset=0.0pt
* \voffset=0.0pt
* \mag=1000
* \@twocolumnfalse
* \@twosidefalse
* \@mparswitchfalse
* \@reversemarginfalse
* (1in=72.27pt=25.4mm, 1cm=28.453pt)

\scr@dte@chapter@maxnumwidth=\skip86
\openout2 = `incl/misc/frontpage.aux'.

(./incl/misc/frontpage.tex (./fig/tikz/aau-badge.tex
<fig/img/aau/logos/AAU_UK_CIRCLE_white_rgb.png, id=103, 158.5925pt x 160.6pt>
File: fig/img/aau/logos/AAU_UK_CIRCLE_white_rgb.png Graphic file (type png)
<use fig/img/aau/logos/AAU_UK_CIRCLE_white_rgb.png>
Package pdftex.def Info: fig/img/aau/logos/AAU_UK_CIRCLE_white_rgb.png  used on
 input line 7.
(pdftex.def)             Requested size: 119.49974pt x 121.01576pt.
)
LaTeX Font Info:    Trying to load font information for U+msa on input line 26.


(/nix/store/pz4zk32hwjcnvcpcbpfj6sgznas444j5-texlive-combined-full-2022-final-t
exmfdist/tex/latex/amsfonts/umsa.fd
File: umsa.fd 2013/01/14 v3.01 AMS symbols A
)
(/nix/store/pz4zk32hwjcnvcpcbpfj6sgznas444j5-texlive-combined-full-2022-final-t
exmfdist/tex/latex/microtype/mt-msa.cfg
File: mt-msa.cfg 2006/02/04 v1.1 microtype config. file: AMS symbols (a) (RS)
)
LaTeX Font Info:    Trying to load font information for U+msb on input line 26.


(/nix/store/pz4zk32hwjcnvcpcbpfj6sgznas444j5-texlive-combined-full-2022-final-t
exmfdist/tex/latex/amsfonts/umsb.fd
File: umsb.fd 2013/01/14 v3.01 AMS symbols B
)
(/nix/store/pz4zk32hwjcnvcpcbpfj6sgznas444j5-texlive-combined-full-2022-final-t
exmfdist/tex/latex/microtype/mt-msb.cfg
File: mt-msb.cfg 2005/06/01 v1.0 microtype config. file: AMS symbols (b) (RS)
)
LaTeX Font Info:    Trying to load font information for T1+bch on input line 30
.

(/nix/store/pz4zk32hwjcnvcpcbpfj6sgznas444j5-texlive-combined-full-2022-final-t
exmfdist/tex/latex/psnfss/t1bch.fd
File: t1bch.fd 2004/10/18 font definitions for T1/bch.
)
(/nix/store/pz4zk32hwjcnvcpcbpfj6sgznas444j5-texlive-combined-full-2022-final-t
exmfdist/tex/latex/microtype/mt-bch.cfg
File: mt-bch.cfg 2007/03/03 v1.5 microtype config. file: Bitstream Charter (RS)

)
Overfull \hbox (6.08817pt too wide) in paragraph at lines 49--51
 [][][][][][][] 
 []

<fig/img/aau/waves/AAU_BOELGER_WHITE-10.png, id=105, 597.432pt x 845.0772pt>
File: fig/img/aau/waves/AAU_BOELGER_WHITE-10.png Graphic file (type png)
<use fig/img/aau/waves/AAU_BOELGER_WHITE-10.png>
Package pdftex.def Info: fig/img/aau/waves/AAU_BOELGER_WHITE-10.png  used on in
put line 52.
(pdftex.def)             Requested size: 597.55817pt x 845.04933pt.
[1




{/nix/store/blh3pjf9yfx660yb5xxlzvaar8s0hlry-texlive-combined-full-2022-final/s
hare/texmf-var/fonts/map/pdftex/updmap/pdftex.map} <./fig/img/aau/waves/AAU_BOE
LGER_WHITE-10.png> <./fig/img/aau/logos/AAU_UK_CIRCLE_white_rgb.png>])
\openout2 = `incl/misc/titlepage.aux'.


(./incl/misc/titlepage.tex
\titlepageleftcolumnwidth=\skip87
\titlepagerightcolumnwidth=\skip88

Underfull \hbox (badness 10000) in paragraph at lines 31--31

 []


Overfull \hbox (219.39568pt too wide) in paragraph at lines 31--31
[]
 []


Overfull \hbox (219.39568pt too wide) in paragraph at lines 31--31
[]
 []

(./incl/misc/abstract.tex)
Overfull \hbox (7.26111pt too wide) in paragraph at lines 31--31
[] 
 []


pdfTeX warning (ext4): destination with the same identifier (name{page.i}) has 
been already used, duplicate ignored
<to be read again> 
                   \relax 
l.31 }
       [1



])
\openout2 = `incl/misc/preface.aux'.

 (./incl/misc/preface.tex)
Underfull \hbox (badness 10000) in paragraph at lines 28--47

 []

[2





]
\openout2 = `incl/misc/contents.aux'.

 (./incl/misc/contents.tex (./master.toc
Package cleveref Info: loaded `english' language definitions on input line 1.
Package tocbasic Info: Using my definition of `\numberline' on input line 2.
Package tocbasic Info: Using my definition of `\numberline' on input line 3.
Package tocbasic Info: Using my definition of `\numberline' on input line 11.
Package tocbasic Info: Using my definition of `\numberline' on input line 21.
Package tocbasic Info: Using my definition of `\numberline' on input line 22.
)
\tf@toc=\write5
\openout5 = `master.toc'.

 [3




])
\openout2 = `incl/misc/notation.aux'.

 (./incl/misc/notation.tex
Overfull \hbox (52.19443pt too wide) in paragraph at lines 11--26
[][] 
 []

) [4





]
\openout2 = `main/introduction.aux'.

 (./main/introduction.tex
Chapter 1.
) [1





]
\openout2 = `main/ramsey/index.aux'.

 (./main/ramsey/index.tex
Chapter 2.
[2




] (./main/ramsey/existence.tex
Package cleveref Info: loaded `english' language definitions on input line 3.


Package fancyhdr Warning: \headheight is too small (12.0pt): 
(fancyhdr)                Make it at least 13.59999pt, for example:
(fancyhdr)                \setlength{\headheight}{13.59999pt}.
(fancyhdr)                You might also make \topmargin smaller to compensate:

(fancyhdr)                \addtolength{\topmargin}{-1.59999pt}.

[3]
Overfull \hbox (7.39531pt too wide) in paragraph at lines 40--42
\T1/cmr/m/n/10.95 (-20) Hence $\OML/cmm/m/it/10.95 ^^_[]$ \T1/cmr/m/n/10.95 (-2
0) must ei-ther ad-mit a $\OML/cmm/m/it/10.95 c[]$\T1/cmr/m/n/10.95 (-20) -mono
chromatic clique of or-der $\OML/cmm/m/it/10.95 `[]$\T1/cmr/m/n/10.95 (-20) , f
or some $\OML/cmm/m/it/10.95 i \OMS/cmsy/m/n/10.95 2 []$
 []

Package cleveref Info: loaded `english' language definitions on input line 42.

Package fancyhdr Warning: \headheight is too small (12.0pt): 
(fancyhdr)                Make it at least 13.59999pt, for example:
(fancyhdr)                \setlength{\headheight}{13.59999pt}.
(fancyhdr)                You might also make \topmargin smaller to compensate:

(fancyhdr)                \addtolength{\topmargin}{-1.59999pt}.

[4]
Package cleveref Info: loaded `english' language definitions on input line 88.


Package fancyhdr Warning: \headheight is too small (12.0pt): 
(fancyhdr)                Make it at least 13.59999pt, for example:
(fancyhdr)                \setlength{\headheight}{13.59999pt}.
(fancyhdr)                You might also make \topmargin smaller to compensate:

(fancyhdr)                \addtolength{\topmargin}{-1.59999pt}.

[5]) (./main/ramsey/upper.tex
Package cleveref Info: loaded `english' language definitions on input line 27.


Package fancyhdr Warning: \headheight is too small (12.0pt): 
(fancyhdr)                Make it at least 13.59999pt, for example:
(fancyhdr)                \setlength{\headheight}{13.59999pt}.
(fancyhdr)                You might also make \topmargin smaller to compensate:

(fancyhdr)                \addtolength{\topmargin}{-1.59999pt}.

[6]
Package cleveref Info: loaded `english' language definitions on input line 84.


Package fancyhdr Warning: \headheight is too small (12.0pt): 
(fancyhdr)                Make it at least 13.59999pt, for example:
(fancyhdr)                \setlength{\headheight}{13.59999pt}.
(fancyhdr)                You might also make \topmargin smaller to compensate:

(fancyhdr)                \addtolength{\topmargin}{-1.59999pt}.

[7]) (./main/ramsey/prob.tex
Package cleveref Info: loaded `english' language definitions on input line 44.


Package fancyhdr Warning: \headheight is too small (12.0pt): 
(fancyhdr)                Make it at least 13.59999pt, for example:
(fancyhdr)                \setlength{\headheight}{13.59999pt}.
(fancyhdr)                You might also make \topmargin smaller to compensate:

(fancyhdr)                \addtolength{\topmargin}{-1.59999pt}.

[8]) (./main/ramsey/exact_values.tex
Package cleveref Info: loaded `english' language definitions on input line 3.


Package fancyhdr Warning: \headheight is too small (12.0pt): 
(fancyhdr)                Make it at least 13.59999pt, for example:
(fancyhdr)                \setlength{\headheight}{13.59999pt}.
(fancyhdr)                You might also make \topmargin smaller to compensate:

(fancyhdr)                \addtolength{\topmargin}{-1.59999pt}.

[9] (./main/ramsey/graphs/graphs_for_small_ramsey_numbers.tex
Overfull \hbox (2.4216pt too wide) in paragraph at lines 2--261
[]$[]$ $[]$ 
 []

)
Package cleveref Info: loaded `english' language definitions on input line 35.


Package fancyhdr Warning: \headheight is too small (12.0pt): 
(fancyhdr)                Make it at least 13.59999pt, for example:
(fancyhdr)                \setlength{\headheight}{13.59999pt}.
(fancyhdr)                You might also make \topmargin smaller to compensate:

(fancyhdr)                \addtolength{\topmargin}{-1.59999pt}.

[10]
Package cleveref Info: loaded `english' language definitions on input line 55.


Package fancyhdr Warning: \headheight is too small (12.0pt): 
(fancyhdr)                Make it at least 13.59999pt, for example:
(fancyhdr)                \setlength{\headheight}{13.59999pt}.
(fancyhdr)                You might also make \topmargin smaller to compensate:

(fancyhdr)                \addtolength{\topmargin}{-1.59999pt}.

[11]) (./main/ramsey/assymptotics/index.tex
(./main/ramsey/assymptotics/assymptotics.tex

Package hyperref Warning: Token not allowed in a PDF string (Unicode):
(hyperref)                removing `math shift' on input line 1.


Package hyperref Warning: Token not allowed in a PDF string (Unicode):
(hyperref)                removing `\ell' on input line 1.


Package hyperref Warning: Token not allowed in a PDF string (Unicode):
(hyperref)                removing `math shift' on input line 1.


Package hyperref Warning: Token not allowed in a PDF string (Unicode):
(hyperref)                removing `math shift' on input line 1.


Package hyperref Warning: Token not allowed in a PDF string (Unicode):
(hyperref)                removing `\to' on input line 1.


Package hyperref Warning: Token not allowed in a PDF string (Unicode):
(hyperref)                removing `\infty' on input line 1.


Package hyperref Warning: Token not allowed in a PDF string (Unicode):
(hyperref)                removing `math shift' on input line 1.


Overfull \hbox (34.61502pt too wide) in paragraph at lines 20--22
[][] \OML/cmm/m/it/10.95 f\OT1/cmr/m/n/10.95 (-20) (\OML/cmm/m/it/10.95 k\OT1/c
mr/m/n/10.95 (-20) )[] \OMS/cmsy/m/n/10.95 ^^U [][] \OML/cmm/m/it/10.95 f\OT1/c
mr/m/n/10.95 (-20) (\OML/cmm/m/it/10.95 k\OT1/cmr/m/n/10.95 (-20) )[]$\T1/cmr/m
/n/10.95 (-20) , by con-sid-er-ing two dis-tinct cases, namely $[][] \OML/cmm/m
/it/10.95 f\OT1/cmr/m/n/10.95 (-20) (\OML/cmm/m/it/10.95 k\OT1/cmr/m/n/10.95 (-
20) )[] \OML/cmm/m/it/10.95 <
 []

Package cleveref Info: loaded `english' language definitions on input line 22.

Package fancyhdr Warning: \headheight is too small (12.0pt): 
(fancyhdr)                Make it at least 13.59999pt, for example:
(fancyhdr)                \setlength{\headheight}{13.59999pt}.
(fancyhdr)                You might also make \topmargin smaller to compensate:

(fancyhdr)                \addtolength{\topmargin}{-1.59999pt}.

[12]
Package cleveref Info: loaded `english' language definitions on input line 67.


Package fancyhdr Warning: \headheight is too small (12.0pt): 
(fancyhdr)                Make it at least 13.59999pt, for example:
(fancyhdr)                \setlength{\headheight}{13.59999pt}.
(fancyhdr)                You might also make \topmargin smaller to compensate:

(fancyhdr)                \addtolength{\topmargin}{-1.59999pt}.

[13]) (./main/ramsey/assymptotics/R3l_construction.tex
Package cleveref Info: loaded `english' language definitions on input line 1.


Package fancyhdr Warning: \headheight is too small (12.0pt): 
(fancyhdr)                Make it at least 13.59999pt, for example:
(fancyhdr)                \setlength{\headheight}{13.59999pt}.
(fancyhdr)                You might also make \topmargin smaller to compensate:

(fancyhdr)                \addtolength{\topmargin}{-1.59999pt}.

[14]

Package hyperref Warning: Token not allowed in a PDF string (Unicode):
(hyperref)                removing `math shift' on input line 1.


Package hyperref Warning: Token not allowed in a PDF string (Unicode):
(hyperref)                removing `\ell' on input line 1.


Package hyperref Warning: Token not allowed in a PDF string (Unicode):
(hyperref)                removing `math shift' on input line 1.


Package hyperref Warning: Token not allowed in a PDF string (Unicode):
(hyperref)                removing `math shift' on input line 1.


Package hyperref Warning: Token not allowed in a PDF string (Unicode):
(hyperref)                removing `\ell' on input line 1.


Package hyperref Warning: Token not allowed in a PDF string (Unicode):
(hyperref)                removing `\to' on input line 1.


Package hyperref Warning: Token not allowed in a PDF string (Unicode):
(hyperref)                removing `\infty' on input line 1.


Package hyperref Warning: Token not allowed in a PDF string (Unicode):
(hyperref)                removing `math shift' on input line 1.

Package cleveref Info: loaded `english' language definitions on input line 27.

Package fancyhdr Warning: \headheight is too small (12.0pt): 
(fancyhdr)                Make it at least 13.59999pt, for example:
(fancyhdr)                \setlength{\headheight}{13.59999pt}.
(fancyhdr)                You might also make \topmargin smaller to compensate:

(fancyhdr)                \addtolength{\topmargin}{-1.59999pt}.

[15]
Package cleveref Info: loaded `english' language definitions on input line 74.


Package fancyhdr Warning: \headheight is too small (12.0pt): 
(fancyhdr)                Make it at least 13.59999pt, for example:
(fancyhdr)                \setlength{\headheight}{13.59999pt}.
(fancyhdr)                You might also make \topmargin smaller to compensate:

(fancyhdr)                \addtolength{\topmargin}{-1.59999pt}.

[16]
Package cleveref Info: loaded `english' language definitions on input line 112.



Package fancyhdr Warning: \headheight is too small (12.0pt): 
(fancyhdr)                Make it at least 13.59999pt, for example:
(fancyhdr)                \setlength{\headheight}{13.59999pt}.
(fancyhdr)                You might also make \topmargin smaller to compensate:

(fancyhdr)                \addtolength{\topmargin}{-1.59999pt}.

[17])))
Package cleveref Info: loaded `english' language definitions on input line 56.


Package fancyhdr Warning: \headheight is too small (12.0pt): 
(fancyhdr)                Make it at least 13.59999pt, for example:
(fancyhdr)                \setlength{\headheight}{13.59999pt}.
(fancyhdr)                You might also make \topmargin smaller to compensate:

(fancyhdr)                \addtolength{\topmargin}{-1.59999pt}.

[18]
\openout2 = `main/partition_regularity/index.aux'.

 (./main/partition_regularity/index.tex
Chapter 3.

Package hyperref Warning: Token not allowed in a PDF string (Unicode):
(hyperref)                removing `math shift' on input line 1.


Package hyperref Warning: Token not allowed in a PDF string (Unicode):
(hyperref)                removing `superscript' on input line 1.


Package hyperref Warning: Token not allowed in a PDF string (Unicode):
(hyperref)                removing `math shift' on input line 1.

[19




] (./main/partition_regularity/van_der_waerden/index.tex
Package cleveref Info: loaded `english' language definitions on input line 3.


Package fancyhdr Warning: \headheight is too small (12.0pt): 
(fancyhdr)                Make it at least 13.59999pt, for example:
(fancyhdr)                \setlength{\headheight}{13.59999pt}.
(fancyhdr)                You might also make \topmargin smaller to compensate:

(fancyhdr)                \addtolength{\topmargin}{-1.59999pt}.

[20]
Package cleveref Info: loaded `english' language definitions on input line 38.


Package fancyhdr Warning: \headheight is too small (12.0pt): 
(fancyhdr)                Make it at least 13.59999pt, for example:
(fancyhdr)                \setlength{\headheight}{13.59999pt}.
(fancyhdr)                You might also make \topmargin smaller to compensate:

(fancyhdr)                \addtolength{\topmargin}{-1.59999pt}.

[21]
Package cleveref Info: loaded `english' language definitions on input line 68.


Package fancyhdr Warning: \headheight is too small (12.0pt): 
(fancyhdr)                Make it at least 13.59999pt, for example:
(fancyhdr)                \setlength{\headheight}{13.59999pt}.
(fancyhdr)                You might also make \topmargin smaller to compensate:

(fancyhdr)                \addtolength{\topmargin}{-1.59999pt}.

[22] (./main/partition_regularity/van_der_waerden/proof.tex
Package cleveref Info: loaded `english' language definitions on input line 63.


Package fancyhdr Warning: \headheight is too small (12.0pt): 
(fancyhdr)                Make it at least 13.59999pt, for example:
(fancyhdr)                \setlength{\headheight}{13.59999pt}.
(fancyhdr)                You might also make \topmargin smaller to compensate:

(fancyhdr)                \addtolength{\topmargin}{-1.59999pt}.

[23]
Package cleveref Info: loaded `english' language definitions on input line 95.


Package fancyhdr Warning: \headheight is too small (12.0pt): 
(fancyhdr)                Make it at least 13.59999pt, for example:
(fancyhdr)                \setlength{\headheight}{13.59999pt}.
(fancyhdr)                You might also make \topmargin smaller to compensate:

(fancyhdr)                \addtolength{\topmargin}{-1.59999pt}.

[24]
Package cleveref Info: loaded `english' language definitions on input line 127.



Package fancyhdr Warning: \headheight is too small (12.0pt): 
(fancyhdr)                Make it at least 13.59999pt, for example:
(fancyhdr)                \setlength{\headheight}{13.59999pt}.
(fancyhdr)                You might also make \topmargin smaller to compensate:

(fancyhdr)                \addtolength{\topmargin}{-1.59999pt}.

[25]) (./main/partition_regularity/van_der_waerden/bounds.tex
Package cleveref Info: loaded `english' language definitions on input line 8.


Package fancyhdr Warning: \headheight is too small (12.0pt): 
(fancyhdr)                Make it at least 13.59999pt, for example:
(fancyhdr)                \setlength{\headheight}{13.59999pt}.
(fancyhdr)                You might also make \topmargin smaller to compensate:

(fancyhdr)                \addtolength{\topmargin}{-1.59999pt}.

[26]
Package cleveref Info: loaded `english' language definitions on input line 58.


Package fancyhdr Warning: \headheight is too small (12.0pt): 
(fancyhdr)                Make it at least 13.59999pt, for example:
(fancyhdr)                \setlength{\headheight}{13.59999pt}.
(fancyhdr)                You might also make \topmargin smaller to compensate:

(fancyhdr)                \addtolength{\topmargin}{-1.59999pt}.

[27]
Overfull \hbox (8.36519pt too wide) in paragraph at lines 63--64
[]$\T1/cmr/m/n/10.95 (-20) , this set is once again con-tained within $[][] []$
[][][],
 []

Package cleveref Info: loaded `english' language definitions on input line 78.

Package fancyhdr Warning: \headheight is too small (12.0pt): 
(fancyhdr)                Make it at least 13.59999pt, for example:
(fancyhdr)                \setlength{\headheight}{13.59999pt}.
(fancyhdr)                You might also make \topmargin smaller to compensate:

(fancyhdr)                \addtolength{\topmargin}{-1.59999pt}.

[28]) (./main/partition_regularity/van_der_waerden/AP_mod.tex

Package hyperref Warning: Token not allowed in a PDF string (Unicode):
(hyperref)                removing `math shift' on input line 1.


Package hyperref Warning: Token not allowed in a PDF string (Unicode):
(hyperref)                removing `math shift' on input line 1.

Package cleveref Info: loaded `english' language definitions on input line 34.

Package fancyhdr Warning: \headheight is too small (12.0pt): 
(fancyhdr)                Make it at least 13.59999pt, for example:
(fancyhdr)                \setlength{\headheight}{13.59999pt}.
(fancyhdr)                You might also make \topmargin smaller to compensate:

(fancyhdr)                \addtolength{\topmargin}{-1.59999pt}.

[29])) (./main/partition_regularity/schur/index.tex
Package cleveref Info: loaded `english' language definitions on input line 37.


Package fancyhdr Warning: \headheight is too small (12.0pt): 
(fancyhdr)                Make it at least 13.59999pt, for example:
(fancyhdr)                \setlength{\headheight}{13.59999pt}.
(fancyhdr)                You might also make \topmargin smaller to compensate:

(fancyhdr)                \addtolength{\topmargin}{-1.59999pt}.

[30]
Package cleveref Info: loaded `english' language definitions on input line 78.


Package fancyhdr Warning: \headheight is too small (12.0pt): 
(fancyhdr)                Make it at least 13.59999pt, for example:
(fancyhdr)                \setlength{\headheight}{13.59999pt}.
(fancyhdr)                You might also make \topmargin smaller to compensate:

(fancyhdr)                \addtolength{\topmargin}{-1.59999pt}.

[31]
Package cleveref Info: loaded `english' language definitions on input line 127.



Package fancyhdr Warning: \headheight is too small (12.0pt): 
(fancyhdr)                Make it at least 13.59999pt, for example:
(fancyhdr)                \setlength{\headheight}{13.59999pt}.
(fancyhdr)                You might also make \topmargin smaller to compensate:

(fancyhdr)                \addtolength{\topmargin}{-1.59999pt}.

[32] (./main/partition_regularity/schur/bounds_and_assymptotics.tex

Package hyperref Warning: Token not allowed in a PDF string (Unicode):
(hyperref)                removing `math shift' on input line 1.


Package hyperref Warning: Token not allowed in a PDF string (Unicode):
(hyperref)                removing `math shift' on input line 1.


Package hyperref Warning: Token not allowed in a PDF string (Unicode):
(hyperref)                removing `math shift' on input line 1.


Package hyperref Warning: Token not allowed in a PDF string (Unicode):
(hyperref)                removing `math shift' on input line 1.


Package hyperref Warning: Token not allowed in a PDF string (Unicode):
(hyperref)                removing `math shift' on input line 1.


Package hyperref Warning: Token not allowed in a PDF string (Unicode):
(hyperref)                removing `\to' on input line 1.


Package hyperref Warning: Token not allowed in a PDF string (Unicode):
(hyperref)                removing `\infty' on input line 1.


Package hyperref Warning: Token not allowed in a PDF string (Unicode):
(hyperref)                removing `math shift' on input line 1.

Package cleveref Info: loaded `english' language definitions on input line 33.

Package fancyhdr Warning: \headheight is too small (12.0pt): 
(fancyhdr)                Make it at least 13.59999pt, for example:
(fancyhdr)                \setlength{\headheight}{13.59999pt}.
(fancyhdr)                You might also make \topmargin smaller to compensate:

(fancyhdr)                \addtolength{\topmargin}{-1.59999pt}.

[33]
Package cleveref Info: loaded `english' language definitions on input line 79.


Package fancyhdr Warning: \headheight is too small (12.0pt): 
(fancyhdr)                Make it at least 13.59999pt, for example:
(fancyhdr)                \setlength{\headheight}{13.59999pt}.
(fancyhdr)                You might also make \topmargin smaller to compensate:

(fancyhdr)                \addtolength{\topmargin}{-1.59999pt}.

[34]
Overfull \hbox (12.33444pt too wide) in paragraph at lines 93--112
\T1/cmr/m/n/10.95 (-20) hence ev-ery $\OML/cmm/m/it/10.95 D[]$ \T1/cmr/m/n/10.9
5 (-20) is sum free, mean-ing we have con-structed a $\OT1/cmr/m/n/10.95 (-20) 
(\OML/cmm/m/it/10.95 r \OT1/cmr/m/n/10.95 (-20) + \OML/cmm/m/it/10.95 r[]\OT1/c
mr/m/n/10.95 (-20) )$\T1/cmr/m/n/10.95 (-20) -partition $\OML/cmm/m/it/10.95 D[
]; D[]; [] ; D[]$
 []

)) (./main/partition_regularity/rado/index.tex
Package cleveref Info: loaded `english' language definitions on input line 3.


Package fancyhdr Warning: \headheight is too small (12.0pt): 
(fancyhdr)                Make it at least 13.59999pt, for example:
(fancyhdr)                \setlength{\headheight}{13.59999pt}.
(fancyhdr)                You might also make \topmargin smaller to compensate:

(fancyhdr)                \addtolength{\topmargin}{-1.59999pt}.

[35]
Package cleveref Info: loaded `english' language definitions on input line 39.


Package fancyhdr Warning: \headheight is too small (12.0pt): 
(fancyhdr)                Make it at least 13.59999pt, for example:
(fancyhdr)                \setlength{\headheight}{13.59999pt}.
(fancyhdr)                You might also make \topmargin smaller to compensate:

(fancyhdr)                \addtolength{\topmargin}{-1.59999pt}.

[36]
Package cleveref Info: loaded `english' language definitions on input line 77.


Package fancyhdr Warning: \headheight is too small (12.0pt): 
(fancyhdr)                Make it at least 13.59999pt, for example:
(fancyhdr)                \setlength{\headheight}{13.59999pt}.
(fancyhdr)                You might also make \topmargin smaller to compensate:

(fancyhdr)                \addtolength{\topmargin}{-1.59999pt}.

[37]
Package cleveref Info: loaded `english' language definitions on input line 118.



Package fancyhdr Warning: \headheight is too small (12.0pt): 
(fancyhdr)                Make it at least 13.59999pt, for example:
(fancyhdr)                \setlength{\headheight}{13.59999pt}.
(fancyhdr)                You might also make \topmargin smaller to compensate:

(fancyhdr)                \addtolength{\topmargin}{-1.59999pt}.

[38]
Package cleveref Info: loaded `english' language definitions on input line 157.



Package fancyhdr Warning: \headheight is too small (12.0pt): 
(fancyhdr)                Make it at least 13.59999pt, for example:
(fancyhdr)                \setlength{\headheight}{13.59999pt}.
(fancyhdr)                You might also make \topmargin smaller to compensate:

(fancyhdr)                \addtolength{\topmargin}{-1.59999pt}.

[39] (./main/partition_regularity/rado/systems.tex
Package cleveref Info: loaded `english' language definitions on input line 22.


Package fancyhdr Warning: \headheight is too small (12.0pt): 
(fancyhdr)                Make it at least 13.59999pt, for example:
(fancyhdr)                \setlength{\headheight}{13.59999pt}.
(fancyhdr)                You might also make \topmargin smaller to compensate:

(fancyhdr)                \addtolength{\topmargin}{-1.59999pt}.

[40]
Package cleveref Info: loaded `english' language definitions on input line 61.


Package fancyhdr Warning: \headheight is too small (12.0pt): 
(fancyhdr)                Make it at least 13.59999pt, for example:
(fancyhdr)                \setlength{\headheight}{13.59999pt}.
(fancyhdr)                You might also make \topmargin smaller to compensate:

(fancyhdr)                \addtolength{\topmargin}{-1.59999pt}.

[41])))
Package cleveref Info: loaded `english' language definitions on input line 58.


Package fancyhdr Warning: \headheight is too small (12.0pt): 
(fancyhdr)                Make it at least 13.59999pt, for example:
(fancyhdr)                \setlength{\headheight}{13.59999pt}.
(fancyhdr)                You might also make \topmargin smaller to compensate:

(fancyhdr)                \addtolength{\topmargin}{-1.59999pt}.

[42] [43




]
\openout2 = `app/code_ramsey.aux'.

 (./app/code_ramsey.tex
Appendix A.

Package hyperref Warning: Token not allowed in a PDF string (Unicode):
(hyperref)                removing `math shift' on input line 1.


Package hyperref Warning: Token not allowed in a PDF string (Unicode):
(hyperref)                removing `math shift' on input line 1.


Package hyperref Warning: Token not allowed in a PDF string (Unicode):
(hyperref)                removing `math shift' on input line 1.


Package hyperref Warning: Token not allowed in a PDF string (Unicode):
(hyperref)                removing `math shift' on input line 1.

Package hyperref Info: bookmark level for unknown lstlisting defaults to 0 on i
nput line 7.
LaTeX Font Info:    Trying to load font information for T1+cmss on input line 7
.

(/nix/store/pz4zk32hwjcnvcpcbpfj6sgznas444j5-texlive-combined-full-2022-final-t
exmfdist/tex/latex/base/t1cmss.fd
File: t1cmss.fd 2022/07/10 v2.5l Standard LaTeX font definitions
)
Package microtype Info: Loading generic protrusion settings for font family
(microtype)             `cmss' (encoding: T1).
(microtype)             For optimal results, create family-specific settings.
(microtype)             See the microtype manual for details.
 (./code/Ramsey.hs
LaTeX Font Info:    Trying to load font information for T1+DejaVuSansMono-TLF o
n input line 1.

(/nix/store/pz4zk32hwjcnvcpcbpfj6sgznas444j5-texlive-combined-full-2022-final-t
exmfdist/tex/latex/dejavu/T1DejaVuSansMono-TLF.fd
File: T1DejaVuSansMono-TLF.fd 2011/06/01 Font definitions for T1/DejaVuSansMono
-TLF.
)
Package microtype Info: Loading generic protrusion settings for font family
(microtype)             `DejaVuSansMono-TLF' (encoding: T1).
(microtype)             For optimal results, create family-specific settings.
(microtype)             See the microtype manual for details.
LaTeX Font Info:    Trying to load font information for TS1+cmss on input line 
16.

(/nix/store/pz4zk32hwjcnvcpcbpfj6sgznas444j5-texlive-combined-full-2022-final-t
exmfdist/tex/latex/base/ts1cmss.fd
File: ts1cmss.fd 2022/07/10 v2.5l Standard LaTeX font definitions
)
Package microtype Info: Loading generic protrusion settings for font family
(microtype)             `cmss' (encoding: TS1).
(microtype)             For optimal results, create family-specific settings.
(microtype)             See the microtype manual for details.

Overfull \hbox (18.6425pt too wide) in paragraph at lines 28--30
[][][][][][][][][][][][][][][][][][][][][][][][][][][][] 
 []

[44


]
Overfull \hbox (1.48419pt too wide) in paragraph at lines 46--47
[][][][][][][][][][][][][][][][][][][][][][][][][][][][][][][][][][][][][][] 
 []


Overfull \hbox (16.94016pt too wide) in paragraph at lines 47--48
[][][][][][][][][][][][][][][][][][][][][][][][][][][][][][][][][][][][][][] 
 []

))
Package cleveref Info: loaded `english' language definitions on input line 68.


Package fancyhdr Warning: \headheight is too small (12.0pt): 
(fancyhdr)                Make it at least 13.59999pt, for example:
(fancyhdr)                \setlength{\headheight}{13.59999pt}.
(fancyhdr)                You might also make \topmargin smaller to compensate:

(fancyhdr)                \addtolength{\topmargin}{-1.59999pt}.

[45]
\openout2 = `app/code_schur.aux'.

 (./app/code_schur.tex
Appendix B.

Package hyperref Warning: Token not allowed in a PDF string (Unicode):
(hyperref)                removing `math shift' on input line 1.


Package hyperref Warning: Token not allowed in a PDF string (Unicode):
(hyperref)                removing `math shift' on input line 1.


Package hyperref Warning: Token not allowed in a PDF string (Unicode):
(hyperref)                removing `math shift' on input line 1.


Package hyperref Warning: Token not allowed in a PDF string (Unicode):
(hyperref)                removing `\chi' on input line 1.


Package hyperref Warning: Token not allowed in a PDF string (Unicode):
(hyperref)                removing `math shift' on input line 1.


Package hyperref Warning: Token not allowed in a PDF string (Unicode):
(hyperref)                removing `math shift' on input line 1.


Package hyperref Warning: Token not allowed in a PDF string (Unicode):
(hyperref)                removing `math shift' on input line 1.


Package hyperref Warning: Token not allowed in a PDF string (Unicode):
(hyperref)                removing `math shift' on input line 1.


Package hyperref Warning: Token not allowed in a PDF string (Unicode):
(hyperref)                removing `\left' on input line 1.


Package hyperref Warning: Token not allowed in a PDF string (Unicode):
(hyperref)                removing `\cdot' on input line 1.


Package hyperref Warning: Token not allowed in a PDF string (Unicode):
(hyperref)                removing `\right' on input line 1.


Package hyperref Warning: Token not allowed in a PDF string (Unicode):
(hyperref)                removing `math shift' on input line 1.


Overfull \hbox (45.10104pt too wide) in paragraph at lines 1--1
\T1/cmr/bx/n/24.88 (-20) coloring $\OML/cmm/m/it/24.88 ^^_$ \T1/cmr/bx/n/24.88 
(-20) on $\OT1/cmr/m/n/24.88 (-20) [1; 39]$ \T1/cmr/bx/n/24.88 (-20) ad-mits a 
monochro-
 []

(./code/Schur.hs
Overfull \hbox (2.57993pt too wide) in paragraph at lines 1--2
[][][][][][][][][][][][][][][][][][][][][][][][][][][][][][][][][][][][][][][][
][][] 
 []


Overfull \hbox (20.27242pt too wide) in paragraph at lines 17--18
[][][][][][][][][][][][][][][][][][][][][][][][][][] 
 []

[46




]))
Package cleveref Info: loaded `english' language definitions on input line 69.


Package fancyhdr Warning: \headheight is too small (12.0pt): 
(fancyhdr)                Make it at least 25.89253pt, for example:
(fancyhdr)                \setlength{\headheight}{25.89253pt}.
(fancyhdr)                You might also make \topmargin smaller to compensate:

(fancyhdr)                \addtolength{\topmargin}{-13.89253pt}.

[47] (./master.bbl [48




])
Package cleveref Info: loaded `english' language definitions on input line 85.


Package fancyhdr Warning: \headheight is too small (12.0pt): 
(fancyhdr)                Make it at least 13.59999pt, for example:
(fancyhdr)                \setlength{\headheight}{13.59999pt}.
(fancyhdr)                You might also make \topmargin smaller to compensate:

(fancyhdr)                \addtolength{\topmargin}{-1.59999pt}.

[49] 
enddocument/afterlastpage: lastpage setting LastPage.
(./master.aux (./incl/misc/frontpage.aux)
Package cleveref Info: loaded `english' language definitions on input line 21.
 (./incl/misc/titlepage.aux)
(./incl/misc/preface.aux) (./incl/misc/contents.aux) (./incl/misc/notation.aux)
(./main/introduction.aux) (./main/ramsey/index.aux)
(./main/partition_regularity/index.aux) (./app/code_ramsey.aux)
(./app/code_schur.aux))

LaTeX Warning: There were multiply-defined labels.

Package rerunfilecheck Info: File `master.out' has not changed.
(rerunfilecheck)             Checksum: B62D3236DB993E3A4FB9CE86F6FAACE7;5474.
 ) 
Here is how much of TeX's memory you used:
 36920 strings out of 476024
 710813 string characters out of 5764067
 1915388 words of memory out of 5000000
 55703 multiletter control sequences out of 15000+600000
 595749 words of font info for 406 fonts, out of 8000000 for 9000
 1141 hyphenation exceptions out of 8191
 114i,21n,109p,1102b,2711s stack positions out of 10000i,1000n,20000p,200000b,200000s
{/nix/store/pz4zk32hwjcnvcpcbpfj6sgznas444j5-texlive-combined-full-2022-final
-texmfdist/fonts/enc/dvips/cm-super/cm-super-ts1.enc}{/nix/store/pz4zk32hwjcnvc
pcbpfj6sgznas444j5-texlive-combined-full-2022-final-texmfdist/fonts/enc/dvips/c
m-super/cm-super-t1.enc}{/nix/store/pz4zk32hwjcnvcpcbpfj6sgznas444j5-texlive-co
mbined-full-2022-final-texmfdist/fonts/enc/dvips/dejavu/dejavumono_t1-type1.enc
}{/nix/store/pz4zk32hwjcnvcpcbpfj6sgznas444j5-texlive-combined-full-2022-final-
texmfdist/fonts/enc/dvips/base/8r.enc}</nix/store/pz4zk32hwjcnvcpcbpfj6sgznas44
4j5-texlive-combined-full-2022-final-texmfdist/fonts/type1/public/dejavu/DejaVu
SansMono.pfb></nix/store/pz4zk32hwjcnvcpcbpfj6sgznas444j5-texlive-combined-full
-2022-final-texmfdist/fonts/type1/bitstrea/charter/bchb8a.pfb></nix/store/pz4zk
32hwjcnvcpcbpfj6sgznas444j5-texlive-combined-full-2022-final-texmfdist/fonts/ty
pe1/bitstrea/charter/bchr8a.pfb></nix/store/pz4zk32hwjcnvcpcbpfj6sgznas444j5-te
xlive-combined-full-2022-final-texmfdist/fonts/type1/public/amsfonts/cm/cmbx10.
pfb></nix/store/pz4zk32hwjcnvcpcbpfj6sgznas444j5-texlive-combined-full-2022-fin
al-texmfdist/fonts/type1/public/amsfonts/cm/cmex10.pfb></nix/store/pz4zk32hwjcn
vcpcbpfj6sgznas444j5-texlive-combined-full-2022-final-texmfdist/fonts/type1/pub
lic/amsfonts/cmextra/cmex8.pfb></nix/store/pz4zk32hwjcnvcpcbpfj6sgznas444j5-tex
live-combined-full-2022-final-texmfdist/fonts/type1/public/amsfonts/cm/cmmi10.p
fb></nix/store/pz4zk32hwjcnvcpcbpfj6sgznas444j5-texlive-combined-full-2022-fina
l-texmfdist/fonts/type1/public/amsfonts/cm/cmmi12.pfb></nix/store/pz4zk32hwjcnv
cpcbpfj6sgznas444j5-texlive-combined-full-2022-final-texmfdist/fonts/type1/publ
ic/amsfonts/cm/cmmi6.pfb></nix/store/pz4zk32hwjcnvcpcbpfj6sgznas444j5-texlive-c
ombined-full-2022-final-texmfdist/fonts/type1/public/amsfonts/cm/cmmi8.pfb></ni
x/store/pz4zk32hwjcnvcpcbpfj6sgznas444j5-texlive-combined-full-2022-final-texmf
dist/fonts/type1/public/amsfonts/cm/cmmi9.pfb></nix/store/pz4zk32hwjcnvcpcbpfj6
sgznas444j5-texlive-combined-full-2022-final-texmfdist/fonts/type1/public/amsfo
nts/cm/cmr10.pfb></nix/store/pz4zk32hwjcnvcpcbpfj6sgznas444j5-texlive-combined-
full-2022-final-texmfdist/fonts/type1/public/amsfonts/cm/cmr12.pfb></nix/store/
pz4zk32hwjcnvcpcbpfj6sgznas444j5-texlive-combined-full-2022-final-texmfdist/fon
ts/type1/public/amsfonts/cm/cmr17.pfb></nix/store/pz4zk32hwjcnvcpcbpfj6sgznas44
4j5-texlive-combined-full-2022-final-texmfdist/fonts/type1/public/amsfonts/cm/c
mr6.pfb></nix/store/pz4zk32hwjcnvcpcbpfj6sgznas444j5-texlive-combined-full-2022
-final-texmfdist/fonts/type1/public/amsfonts/cm/cmr7.pfb></nix/store/pz4zk32hwj
cnvcpcbpfj6sgznas444j5-texlive-combined-full-2022-final-texmfdist/fonts/type1/p
ublic/amsfonts/cm/cmr8.pfb></nix/store/pz4zk32hwjcnvcpcbpfj6sgznas444j5-texlive
-combined-full-2022-final-texmfdist/fonts/type1/public/amsfonts/cm/cmr9.pfb></n
ix/store/pz4zk32hwjcnvcpcbpfj6sgznas444j5-texlive-combined-full-2022-final-texm
fdist/fonts/type1/public/amsfonts/cm/cmsy10.pfb></nix/store/pz4zk32hwjcnvcpcbpf
j6sgznas444j5-texlive-combined-full-2022-final-texmfdist/fonts/type1/public/ams
fonts/cm/cmsy6.pfb></nix/store/pz4zk32hwjcnvcpcbpfj6sgznas444j5-texlive-combine
d-full-2022-final-texmfdist/fonts/type1/public/amsfonts/cm/cmsy7.pfb></nix/stor
e/pz4zk32hwjcnvcpcbpfj6sgznas444j5-texlive-combined-full-2022-final-texmfdist/f
onts/type1/public/amsfonts/cm/cmsy8.pfb></nix/store/pz4zk32hwjcnvcpcbpfj6sgznas
444j5-texlive-combined-full-2022-final-texmfdist/fonts/type1/public/amsfonts/cm
/cmsy9.pfb></nix/store/pz4zk32hwjcnvcpcbpfj6sgznas444j5-texlive-combined-full-2
022-final-texmfdist/fonts/type1/public/amsfonts/symbols/msam10.pfb></nix/store/
pz4zk32hwjcnvcpcbpfj6sgznas444j5-texlive-combined-full-2022-final-texmfdist/fon
ts/type1/public/amsfonts/symbols/msam7.pfb></nix/store/pz4zk32hwjcnvcpcbpfj6sgz
nas444j5-texlive-combined-full-2022-final-texmfdist/fonts/type1/public/amsfonts
/symbols/msbm10.pfb></nix/store/pz4zk32hwjcnvcpcbpfj6sgznas444j5-texlive-combin
ed-full-2022-final-texmfdist/fonts/type1/public/cm-super/sfbi1000.pfb></nix/sto
re/pz4zk32hwjcnvcpcbpfj6sgznas444j5-texlive-combined-full-2022-final-texmfdist/
fonts/type1/public/cm-super/sfbi1095.pfb></nix/store/pz4zk32hwjcnvcpcbpfj6sgzna
s444j5-texlive-combined-full-2022-final-texmfdist/fonts/type1/public/cm-super/s
fbx1000.pfb></nix/store/pz4zk32hwjcnvcpcbpfj6sgznas444j5-texlive-combined-full-
2022-final-texmfdist/fonts/type1/public/cm-super/sfbx1095.pfb></nix/store/pz4zk
32hwjcnvcpcbpfj6sgznas444j5-texlive-combined-full-2022-final-texmfdist/fonts/ty
pe1/public/cm-super/sfbx1200.pfb></nix/store/pz4zk32hwjcnvcpcbpfj6sgznas444j5-t
exlive-combined-full-2022-final-texmfdist/fonts/type1/public/cm-super/sfbx1440.
pfb></nix/store/pz4zk32hwjcnvcpcbpfj6sgznas444j5-texlive-combined-full-2022-fin
al-texmfdist/fonts/type1/public/cm-super/sfbx2488.pfb></nix/store/pz4zk32hwjcnv
cpcbpfj6sgznas444j5-texlive-combined-full-2022-final-texmfdist/fonts/type1/publ
ic/cm-super/sfrm0600.pfb></nix/store/pz4zk32hwjcnvcpcbpfj6sgznas444j5-texlive-c
ombined-full-2022-final-texmfdist/fonts/type1/public/cm-super/sfrm0800.pfb></ni
x/store/pz4zk32hwjcnvcpcbpfj6sgznas444j5-texlive-combined-full-2022-final-texmf
dist/fonts/type1/public/cm-super/sfrm0900.pfb></nix/store/pz4zk32hwjcnvcpcbpfj6
sgznas444j5-texlive-combined-full-2022-final-texmfdist/fonts/type1/public/cm-su
per/sfrm1000.pfb></nix/store/pz4zk32hwjcnvcpcbpfj6sgznas444j5-texlive-combined-
full-2022-final-texmfdist/fonts/type1/public/cm-super/sfrm1095.pfb></nix/store/
pz4zk32hwjcnvcpcbpfj6sgznas444j5-texlive-combined-full-2022-final-texmfdist/fon
ts/type1/public/cm-super/sfrm1200.pfb></nix/store/pz4zk32hwjcnvcpcbpfj6sgznas44
4j5-texlive-combined-full-2022-final-texmfdist/fonts/type1/public/cm-super/sfss
1000.pfb></nix/store/pz4zk32hwjcnvcpcbpfj6sgznas444j5-texlive-combined-full-202
2-final-texmfdist/fonts/type1/public/cm-super/sfti0900.pfb></nix/store/pz4zk32h
wjcnvcpcbpfj6sgznas444j5-texlive-combined-full-2022-final-texmfdist/fonts/type1
/public/cm-super/sfti1000.pfb></nix/store/pz4zk32hwjcnvcpcbpfj6sgznas444j5-texl
ive-combined-full-2022-final-texmfdist/fonts/type1/public/cm-super/sfti1095.pfb
>
Output written on master.pdf (54 pages, 1331067 bytes).
PDF statistics:
 1269 PDF objects out of 1440 (max. 8388607)
 1104 compressed objects within 12 object streams
 367 named destinations out of 1000 (max. 500000)
 113879 words of extra memory for PDF output out of 128383 (max. 10000000)

