\BOOKMARK [0][-]{frontpage.0}{\376\377\000F\000r\000o\000n\000t\000\040\000p\000a\000g\000e}{}% 1
\BOOKMARK [0][-]{titlepage.0}{\376\377\000T\000i\000t\000l\000e\000\040\000p\000a\000g\000e}{}% 2
\BOOKMARK [0][-]{contents.0}{\376\377\000C\000o\000n\000t\000e\000n\000t\000s}{}% 3
\BOOKMARK [0][-]{chapter.1}{\376\377\000I\000n\000t\000r\000o\000d\000u\000c\000t\000i\000o\000n\000\040\000t\000o\000\040\000R\000a\000m\000s\000e\000y\000\040\000T\000h\000e\000o\000r\000y}{}% 4
\BOOKMARK [0][-]{chapter.2}{\376\377\000G\000r\000a\000p\000h\000\040\000R\000a\000m\000s\000e\000y\000\040\000T\000h\000e\000o\000r\000y}{}% 5
\BOOKMARK [1][-]{section.2.1}{\376\377\000E\000x\000i\000s\000t\000e\000n\000c\000e\000\040\000o\000f\000\040\000R\000a\000m\000s\000e\000y\000\040\000N\000u\000m\000b\000e\000r\000s}{chapter.2}% 6
\BOOKMARK [1][-]{section.2.2}{\376\377\000U\000p\000p\000e\000r\000\040\000B\000o\000u\000n\000d\000s}{chapter.2}% 7
\BOOKMARK [1][-]{section.2.3}{\376\377\000L\000o\000w\000e\000r\000\040\000B\000o\000u\000n\000d\000s\000\040\000a\000n\000d\000\040\000t\000h\000e\000\040\000P\000r\000o\000b\000a\000b\000i\000l\000i\000s\000t\000i\000c\000\040\000M\000e\000t\000h\000o\000d}{chapter.2}% 8
\BOOKMARK [1][-]{section.2.4}{\376\377\000E\000x\000a\000c\000t\000\040\000V\000a\000l\000u\000e\000s\000\040\000o\000f\000\040\000S\000m\000a\000l\000l\000\040\000R\000a\000m\000s\000e\000y\000\040\000N\000u\000m\000b\000e\000r\000s}{chapter.2}% 9
\BOOKMARK [1][-]{section.2.5}{\376\377\000A\000s\000y\000m\000p\000t\000o\000t\000i\000c\000\040\000B\000e\000h\000a\000v\000i\000o\000u\000r\000\040\000o\000f\000\040\000C\000e\000r\000t\000a\000i\000n\000\040\000R\000a\000m\000s\000e\000y\000\040\000N\000u\000m\000b\000e\000r\000s}{chapter.2}% 10
\BOOKMARK [2][-]{subsection.2.5.1}{\376\377\000A\000s\000y\000m\000p\000t\000o\000t\000i\000c\000\040\000B\000e\000h\000a\000v\000i\000o\000u\000r\000\040\000o\000f\000\040\000R\000\050\000;\000\040\000r\000\051\000\040\000a\000s\000\040\000r\000\040}{section.2.5}% 11
\BOOKMARK [2][-]{subsection.2.5.2}{\376\377\000E\000x\000p\000l\000i\000c\000i\000t\000\040\000C\000o\000n\000s\000t\000r\000u\000c\000t\000i\000o\000n\000s\000\040\000f\000o\000r\000\040\000R\000\050\0003\000,\000\040\000\051\000\040\000a\000s\000\040\000\040\000u\000s\000i\000n\000g\000\040\000P\000r\000o\000j\000e\000c\000t\000i\000v\000e\000\040\000P\000l\000a\000n\000e\000s}{section.2.5}% 12
\BOOKMARK [0][-]{chapter.3}{\376\377\000P\000a\000r\000t\000i\000t\000o\000n\000\040\000R\000e\000g\000u\000l\000a\000r\000i\000t\000y\000\040\000o\000n\000\040\000N\000+}{}% 13
\BOOKMARK [1][-]{section.3.1}{\376\377\000V\000a\000n\000\040\000D\000e\000r\000\040\000W\000a\000e\000r\000d\000e\000n\000'\000s\000\040\000T\000h\000e\000o\000r\000e\000m}{chapter.3}% 14
\BOOKMARK [2][-]{subsection.3.1.1}{\376\377\000A\000\040\000P\000r\000o\000o\000f\000\040\000o\000f\000\040\000V\000a\000n\000\040\000D\000e\000r\000\040\000W\000a\000e\000r\000d\000e\000n\000s\000\040\000T\000h\000e\000o\000r\000e\000m}{section.3.1}% 15
\BOOKMARK [2][-]{subsection.3.1.2}{\376\377\000B\000o\000u\000n\000d\000s\000\040\000o\000n\000\040\000V\000a\000n\000\040\000D\000e\000r\000\040\000W\000a\000e\000r\000d\000e\000n\000\040\000N\000u\000m\000b\000e\000r\000s}{section.3.1}% 16
\BOOKMARK [2][-]{subsection.3.1.3}{\376\377\000A\000r\000i\000t\000h\000m\000e\000t\000i\000c\000\040\000P\000r\000o\000g\000r\000e\000s\000s\000i\000o\000n\000s\000\040\000\050\000m\000o\000d\000\040\000\040\000m\000\051}{section.3.1}% 17
\BOOKMARK [1][-]{section.3.2}{\376\377\000S\000c\000h\000u\000r\000s\000\040\000T\000h\000e\000o\000r\000e\000m}{chapter.3}% 18
\BOOKMARK [2][-]{subsection.3.2.1}{\376\377\000L\000o\000w\000e\000r\000\040\000B\000o\000u\000n\000d\000s\000\040\000o\000n\000\040\000S\000\050\0002\000;\000\040\000r\000\051\000\040\000a\000n\000d\000\040\000t\000h\000e\000\040\000A\000s\000y\000m\000p\000t\000o\000t\000i\000c\000s\000\040\000o\000f\000\040\000S\000\050\0002\000;\000\040\000r\000\051\000\040\000a\000s\000\040\000r\000\040}{section.3.2}% 19
\BOOKMARK [1][-]{section.3.3}{\376\377\000R\000a\000d\000o\000'\000s\000\040\000T\000h\000e\000o\000r\000e\000m\000s}{chapter.3}% 20
\BOOKMARK [2][-]{subsection.3.3.1}{\376\377\000R\000a\000d\000o\000'\000s\000\040\000F\000u\000l\000l\000\040\000T\000h\000e\000o\000r\000e\000m}{section.3.3}% 21
\BOOKMARK [-1][-]{section*.11}{\376\377\000A\000p\000p\000e\000n\000d\000i\000c\000e\000s}{}% 22
\BOOKMARK [0][-]{appendix.1.A}{\376\377\000C\000o\000d\000e\000\040\000w\000h\000i\000c\000h\000\040\000s\000h\000o\000w\000s\000\040\000t\000h\000a\000t\000\040\000R\000\050\0003\000,\000\040\0005\000\051\000\040\000>\000\040\0001\0003\000\040\000a\000n\000d\000\040\000R\000\050\0004\000,\000\040\0004\000\051\000\040\000>\000\040\0001\0007}{section*.11}% 23
\BOOKMARK [0][-]{appendix.1.B}{\376\377\000C\000o\000d\000e\000\040\000w\000h\000i\000c\000h\000\040\000s\000h\000o\000w\000s\000\040\000t\000h\000a\000t\000\040\000e\000v\000e\000r\000y\000\040\0002\000-\000c\000o\000l\000o\000r\000i\000n\000g\000\040\000\040\000o\000n\000\040\000[\0001\000;\000\040\0003\0009\000]\000\040\000a\000d\000m\000i\000t\000s\000\040\000a\000\040\000m\000o\000n\000o\000c\000h\000r\000o\000m\000a\000t\000i\000c\000\040\000i\000n\000s\000t\000a\000n\000c\000e\000\040\000o\000f\000\040\000\173\000x\000,\000\040\000y\000,\000\040\000x\000\040\000+\000\040\000y\000,\000\040\000x\000\040\000y\000\175}{section*.11}% 24
